{"numFailedTestSuites":20,"numFailedTests":0,"numPassedTestSuites":86,"numPassedTests":1283,"numPendingTestSuites":0,"numPendingTests":0,"numRuntimeErrorTestSuites":20,"numTodoTests":0,"numTotalTestSuites":106,"numTotalTests":1283,"openHandles":[],"snapshot":{"added":0,"didUpdate":false,"failure":false,"filesAdded":0,"filesRemoved":0,"filesRemovedList":[],"filesUnmatched":0,"filesUpdated":0,"matched":0,"total":0,"unchecked":0,"uncheckedKeysByFile":[],"unmatched":0,"updated":0},"startTime":1783267470797,"success":false,"testResults":[{"assertionResults":[{"ancestorTitles":["runFocusAisleEffect — no-zoom contract"],"duration":3,"failureDetails":[],"failureMessages":[],"fullName":"runFocusAisleEffect — no-zoom contract returns only { tx, ty } — no scale field (regression: must not force scale to 2.5)","invocations":1,"location":null,"numPassingAsserts":4,"retryReasons":[],"status":"passed","title":"returns only { tx, ty } — no scale field (regression: must not force scale to 2.5)"},{"ancestorTitles":["runFocusAisleEffect — no-zoom contract"],"duration":1,"failureDetails":[],"failureMessages":[],"fullName":"runFocusAisleEffect — no-zoom contract result with scale=1.7 differs from result with scale=2.5 (must not hard-code TARGET_SCALE)","invocations":1,"location":null,"numPassingAsserts":4,"retryReasons":[],"status":"passed","title":"result with scale=1.7 differs from result with scale=2.5 (must not hard-code TARGET_SCALE)"},{"ancestorTitles":["runFocusAisleEffect — translation is proportional to currentScale"],"duration":1,"failureDetails":[],"failureMessages":[],"fullName":"runFocusAisleEffect — translation is proportional to currentScale displacement from container centre scales linearly with currentScale","invocations":1,"location":null,"numPassingAsserts":4,"retryReasons":[],"status":"passed","title":"displacement from container centre scales linearly with currentScale"},{"ancestorTitles":["runFocusAisleEffect — edge-case returns"],"duration":0,"failureDetails":[],"failureMessages":[],"fullName":"runFocusAisleEffect — edge-case returns returns null when containerW is 0 (layout not yet fired)","invocations":1,"location":null,"numPassingAsserts":1,"retryReasons":[],"status":"passed","title":"returns null when containerW is 0 (layout not yet fired)"},{"ancestorTitles":["runFocusAisleEffect — edge-case returns"],"duration":1,"failureDetails":[],"failureMessages":[],"fullName":"runFocusAisleEffect — edge-case returns returns null when the focusAisleNum does not match any zone","invocations":1,"location":null,"numPassingAsserts":1,"retryReasons":[],"status":"passed","title":"returns null when the focusAisleNum does not match any zone"},{"ancestorTitles":["runFocusAisleEffect — edge-case returns"],"duration":0,"failureDetails":[],"failureMessages":[],"fullName":"runFocusAisleEffect — edge-case returns returns null when the target zone is already fully visible","invocations":1,"location":null,"numPassingAsserts":1,"retryReasons":[],"status":"passed","title":"returns null when the target zone is already fully visible"},{"ancestorTitles":["runFocusAisleEffect — edge-case returns"],"duration":1,"failureDetails":[],"failureMessages":[],"fullName":"runFocusAisleEffect — edge-case returns centres on the matching section zone when focusSectionNum is provided","invocations":1,"location":null,"numPassingAsserts":3,"retryReasons":[],"status":"passed","title":"centres on the matching section zone when focusSectionNum is provided"},{"ancestorTitles":["runFocusAisleEffect — edge-case returns"],"duration":1,"failureDetails":[],"failureMessages":[],"fullName":"runFocusAisleEffect — edge-case returns falls back to the first aisle zone when focusSectionNum matches nothing","invocations":1,"location":null,"numPassingAsserts":4,"retryReasons":[],"status":"passed","title":"falls back to the first aisle zone when focusSectionNum matches nothing"}],"endTime":1783267483153,"message":"","name":"/home/runner/workspace/artifacts/parts-id/__tests__/focusAislePan.test.ts","startTime":1783267473714,"status":"passed","summary":""},{"assertionResults":[{"ancestorTitles":["useApiStatus","initial state"],"duration":13,"failureDetails":[],"failureMessages":[],"fullName":"useApiStatus initial state has status='unknown', restarting=false, and exposes triggerRestart","invocations":1,"location":null,"numPassingAsserts":3,"retryReasons":[],"status":"passed","title":"has status='unknown', restarting=false, and exposes triggerRestart"},{"ancestorTitles":["useApiStatus","poll status transitions"],"duration":6,"failureDetails":[],"failureMessages":[],"fullName":"useApiStatus poll status transitions sets status to \"ok\" when /healthz returns { status: \"ok\" }","invocations":1,"location":null,"numPassingAsserts":1,"retryReasons":[],"status":"passed","title":"sets status to \"ok\" when /healthz returns { status: \"ok\" }"},{"ancestorTitles":["useApiStatus","poll status transitions"],"duration":8,"failureDetails":[],"failureMessages":[],"fullName":"useApiStatus poll status transitions sets status to \"degraded\" when /healthz returns { status: \"degraded\" }","invocations":1,"location":null,"numPassingAsserts":1,"retryReasons":[],"status":"passed","title":"sets status to \"degraded\" when /healthz returns { status: \"degraded\" }"},{"ancestorTitles":["useApiStatus","poll status transitions"],"duration":6,"failureDetails":[],"failureMessages":[],"fullName":"useApiStatus poll status transitions sets status to \"error\" when /healthz returns { status: \"error\" }","invocations":1,"location":null,"numPassingAsserts":1,"retryReasons":[],"status":"passed","title":"sets status to \"error\" when /healthz returns { status: \"error\" }"},{"ancestorTitles":["useApiStatus","poll status transitions"],"duration":20,"failureDetails":[],"failureMessages":[],"fullName":"useApiStatus poll status transitions sets status to 'error' when /healthz returns an unrecognised status value","invocations":1,"location":null,"numPassingAsserts":1,"retryReasons":[],"status":"passed","title":"sets status to 'error' when /healthz returns an unrecognised status value"},{"ancestorTitles":["useApiStatus","poll status transitions"],"duration":3,"failureDetails":[],"failureMessages":[],"fullName":"useApiStatus poll status transitions sets status to 'error' when /healthz returns a non-ok HTTP status","invocations":1,"location":null,"numPassingAsserts":1,"retryReasons":[],"status":"passed","title":"sets status to 'error' when /healthz returns a non-ok HTTP status"},{"ancestorTitles":["useApiStatus","poll status transitions"],"duration":4,"failureDetails":[],"failureMessages":[],"fullName":"useApiStatus poll status transitions sets status to 'error' when the fetch request throws (network failure)","invocations":1,"location":null,"numPassingAsserts":1,"retryReasons":[],"status":"passed","title":"sets status to 'error' when the fetch request throws (network failure)"},{"ancestorTitles":["useApiStatus","poll status transitions"],"duration":3,"failureDetails":[],"failureMessages":[],"fullName":"useApiStatus poll status transitions calls /healthz with cache: 'no-store' and an AbortSignal","invocations":1,"location":null,"numPassingAsserts":2,"retryReasons":[],"status":"passed","title":"calls /healthz with cache: 'no-store' and an AbortSignal"},{"ancestorTitles":["useApiStatus","focus/blur polling lifecycle"],"duration":16,"failureDetails":[],"failureMessages":[],"fullName":"useApiStatus focus/blur polling lifecycle starts polling immediately on focus and fires again on each interval tick","invocations":1,"location":null,"numPassingAsserts":2,"retryReasons":[],"status":"passed","title":"starts polling immediately on focus and fires again on each interval tick"},{"ancestorTitles":["useApiStatus","focus/blur polling lifecycle"],"duration":3,"failureDetails":[],"failureMessages":[],"fullName":"useApiStatus focus/blur polling lifecycle stops polling after blur (interval is cleared)","invocations":1,"location":null,"numPassingAsserts":1,"retryReasons":[],"status":"passed","title":"stops polling after blur (interval is cleared)"},{"ancestorTitles":["useApiStatus","focus/blur polling lifecycle"],"duration":4,"failureDetails":[],"failureMessages":[],"fullName":"useApiStatus focus/blur polling lifecycle resets status to 'unknown' immediately on focus before the first poll resolves","invocations":1,"location":null,"numPassingAsserts":2,"retryReasons":[],"status":"passed","title":"resets status to 'unknown' immediately on focus before the first poll resolves"},{"ancestorTitles":["useApiStatus","focus/blur polling lifecycle"],"duration":9,"failureDetails":[],"failureMessages":[],"fullName":"useApiStatus focus/blur polling lifecycle does not start polling when adminToken is null","invocations":1,"location":null,"numPassingAsserts":1,"retryReasons":[],"status":"passed","title":"does not start polling when adminToken is null"},{"ancestorTitles":["useApiStatus","AppState background/foreground lifecycle"],"duration":4,"failureDetails":[],"failureMessages":[],"fullName":"useApiStatus AppState background/foreground lifecycle restarts polling and resets status to 'unknown' when app becomes active while screen is focused","invocations":1,"location":null,"numPassingAsserts":3,"retryReasons":[],"status":"passed","title":"restarts polling and resets status to 'unknown' when app becomes active while screen is focused"},{"ancestorTitles":["useApiStatus","AppState background/foreground lifecycle"],"duration":7,"failureDetails":[],"failureMessages":[],"fullName":"useApiStatus AppState background/foreground lifecycle does not restart polling when app becomes active but the screen is not focused","invocations":1,"location":null,"numPassingAsserts":1,"retryReasons":[],"status":"passed","title":"does not restart polling when app becomes active but the screen is not focused"},{"ancestorTitles":["useApiStatus","AppState background/foreground lifecycle"],"duration":3,"failureDetails":[],"failureMessages":[],"fullName":"useApiStatus AppState background/foreground lifecycle does not restart polling on non-active AppState transitions","invocations":1,"location":null,"numPassingAsserts":3,"retryReasons":[],"status":"passed","title":"does not restart polling on non-active AppState transitions"},{"ancestorTitles":["useApiStatus","AppState background/foreground lifecycle"],"duration":4,"failureDetails":[],"failureMessages":[],"fullName":"useApiStatus AppState background/foreground lifecycle is a no-op when adminToken is null","invocations":1,"location":null,"numPassingAsserts":1,"retryReasons":[],"status":"passed","title":"is a no-op when adminToken is null"},{"ancestorTitles":["useApiStatus","AppState background/foreground lifecycle"],"duration":4,"failureDetails":[],"failureMessages":[],"fullName":"useApiStatus AppState background/foreground lifecycle removes the AppState subscription on unmount","invocations":1,"location":null,"numPassingAsserts":2,"retryReasons":[],"status":"passed","title":"removes the AppState subscription on unmount"},{"ancestorTitles":["useApiStatus","triggerRestart"],"duration":36,"failureDetails":[],"failureMessages":[],"fullName":"useApiStatus triggerRestart immediately sets restarting=true and status='unknown'","invocations":1,"location":null,"numPassingAsserts":2,"retryReasons":[],"status":"passed","title":"immediately sets restarting=true and status='unknown'"},{"ancestorTitles":["useApiStatus","triggerRestart"],"duration":5,"failureDetails":[],"failureMessages":[],"fullName":"useApiStatus triggerRestart POSTs to /admin/restart with the Bearer token","invocations":1,"location":null,"numPassingAsserts":1,"retryReasons":[],"status":"passed","title":"POSTs to /admin/restart with the Bearer token"},{"ancestorTitles":["useApiStatus","triggerRestart"],"duration":8,"failureDetails":[],"failureMessages":[],"fullName":"useApiStatus triggerRestart polls /healthz after restart and clears restarting when server is up","invocations":1,"location":null,"numPassingAsserts":4,"retryReasons":[],"status":"passed","title":"polls /healthz after restart and clears restarting when server is up"},{"ancestorTitles":["useApiStatus","triggerRestart"],"duration":5,"failureDetails":[],"failureMessages":[],"fullName":"useApiStatus triggerRestart maps an unrecognised healthz status to 'ok' after a successful restart","invocations":1,"location":null,"numPassingAsserts":2,"retryReasons":[],"status":"passed","title":"maps an unrecognised healthz status to 'ok' after a successful restart"},{"ancestorTitles":["useApiStatus","triggerRestart"],"duration":14,"failureDetails":[],"failureMessages":[],"fullName":"useApiStatus triggerRestart sets status='error' and restarting=false after max attempts are exhausted","invocations":1,"location":null,"numPassingAsserts":2,"retryReasons":[],"status":"passed","title":"sets status='error' and restarting=false after max attempts are exhausted"},{"ancestorTitles":["useApiStatus","triggerRestart"],"duration":10,"failureDetails":[],"failureMessages":[],"fullName":"useApiStatus triggerRestart abandons a hanging restart POST after 10 s timeout and still starts recovery polling","invocations":1,"location":null,"numPassingAsserts":5,"retryReasons":[],"status":"passed","title":"abandons a hanging restart POST after 10 s timeout and still starts recovery polling"},{"ancestorTitles":["useApiStatus","triggerRestart"],"duration":12,"failureDetails":[],"failureMessages":[],"fullName":"useApiStatus triggerRestart exhausts max attempts when the server hangs (fetch timeout fires instead of rejecting)","invocations":1,"location":null,"numPassingAsserts":2,"retryReasons":[],"status":"passed","title":"exhausts max attempts when the server hangs (fetch timeout fires instead of rejecting)"},{"ancestorTitles":["useApiStatus","triggerRestart"],"duration":4,"failureDetails":[],"failureMessages":[],"fullName":"useApiStatus triggerRestart is a no-op when adminToken is null","invocations":1,"location":null,"numPassingAsserts":3,"retryReasons":[],"status":"passed","title":"is a no-op when adminToken is null"},{"ancestorTitles":["useApiStatus","triggerRestart"],"duration":2,"failureDetails":[],"failureMessages":[],"fullName":"useApiStatus triggerRestart ignores a second concurrent triggerRestart call while one is already in progress","invocations":1,"location":null,"numPassingAsserts":1,"retryReasons":[],"status":"passed","title":"ignores a second concurrent triggerRestart call while one is already in progress"}],"endTime":1783267487969,"message":"","name":"/home/runner/workspace/artifacts/parts-id/__tests__/useApiStatus.test.ts","startTime":1783267483889,"status":"passed","summary":""},{"assertionResults":[{"ancestorTitles":["readPdfAsBase64 – web path"],"duration":3,"failureDetails":[],"failureMessages":[],"fullName":"readPdfAsBase64 – web path returns a non-empty base64 string for a small valid PDF","invocations":1,"location":null,"numPassingAsserts":2,"retryReasons":[],"status":"passed","title":"returns a non-empty base64 string for a small valid PDF"},{"ancestorTitles":["readPdfAsBase64 – web path"],"duration":1,"failureDetails":[],"failureMessages":[],"fullName":"readPdfAsBase64 – web path round-trips: decoding the result restores the original bytes","invocations":1,"location":null,"numPassingAsserts":1,"retryReasons":[],"status":"passed","title":"round-trips: decoding the result restores the original bytes"},{"ancestorTitles":["readPdfAsBase64 – web path"],"duration":1,"failureDetails":[],"failureMessages":[],"fullName":"readPdfAsBase64 – web path fetches the exact URI it receives","invocations":1,"location":null,"numPassingAsserts":2,"retryReasons":[],"status":"passed","title":"fetches the exact URI it receives"},{"ancestorTitles":["readPdfAsBase64 – web path"],"duration":0,"failureDetails":[],"failureMessages":[],"fullName":"readPdfAsBase64 – web path throws PdfTooLargeError when the buffer exceeds 25 MB","invocations":1,"location":null,"numPassingAsserts":1,"retryReasons":[],"status":"passed","title":"throws PdfTooLargeError when the buffer exceeds 25 MB"},{"ancestorTitles":["readPdfAsBase64 – web path"],"duration":575,"failureDetails":[],"failureMessages":[],"fullName":"readPdfAsBase64 – web path does NOT throw for a buffer exactly at the 25 MB limit","invocations":1,"location":null,"numPassingAsserts":1,"retryReasons":[],"status":"passed","title":"does NOT throw for a buffer exactly at the 25 MB limit"},{"ancestorTitles":["readPdfAsBase64 – web path"],"duration":28,"failureDetails":[],"failureMessages":[],"fullName":"readPdfAsBase64 – web path propagates a network error thrown by fetch","invocations":1,"location":null,"numPassingAsserts":1,"retryReasons":[],"status":"passed","title":"propagates a network error thrown by fetch"},{"ancestorTitles":["readPdfAsBase64 – web path"],"duration":3,"failureDetails":[],"failureMessages":[],"fullName":"readPdfAsBase64 – web path throws when fetch returns a non-OK HTTP status","invocations":1,"location":null,"numPassingAsserts":1,"retryReasons":[],"status":"passed","title":"throws when fetch returns a non-OK HTTP status"},{"ancestorTitles":["readPdfAsBase64 – web path"],"duration":1,"failureDetails":[],"failureMessages":[],"fullName":"readPdfAsBase64 – web path throws a user-friendly message when the fetch is aborted (timeout)","invocations":1,"location":null,"numPassingAsserts":1,"retryReasons":[],"status":"passed","title":"throws a user-friendly message when the fetch is aborted (timeout)"},{"ancestorTitles":["readPdfAsBase64 – web path"],"duration":0,"failureDetails":[],"failureMessages":[],"fullName":"readPdfAsBase64 – web path throws InvalidPdfError when the file does not start with %PDF-","invocations":1,"location":null,"numPassingAsserts":1,"retryReasons":[],"status":"passed","title":"throws InvalidPdfError when the file does not start with %PDF-"},{"ancestorTitles":["readPdfAsBase64 – web path"],"duration":1,"failureDetails":[],"failureMessages":[],"fullName":"readPdfAsBase64 – web path includes a user-friendly message in InvalidPdfError","invocations":1,"location":null,"numPassingAsserts":1,"retryReasons":[],"status":"passed","title":"includes a user-friendly message in InvalidPdfError"},{"ancestorTitles":["readPdfAsBase64 – web path"],"duration":1,"failureDetails":[],"failureMessages":[],"fullName":"readPdfAsBase64 – web path throws EncryptedPdfError when /Encrypt appears in the header","invocations":1,"location":null,"numPassingAsserts":1,"retryReasons":[],"status":"passed","title":"throws EncryptedPdfError when /Encrypt appears in the header"},{"ancestorTitles":["readPdfAsBase64 – web path"],"duration":0,"failureDetails":[],"failureMessages":[],"fullName":"readPdfAsBase64 – web path includes a user-friendly message in EncryptedPdfError","invocations":1,"location":null,"numPassingAsserts":1,"retryReasons":[],"status":"passed","title":"includes a user-friendly message in EncryptedPdfError"},{"ancestorTitles":["readPdfAsBase64 – web path"],"duration":1,"failureDetails":[],"failureMessages":[],"fullName":"readPdfAsBase64 – web path throws EncryptedPdfError when /Encrypt appears in the trailer (suffix detection)","invocations":1,"location":null,"numPassingAsserts":1,"retryReasons":[],"status":"passed","title":"throws EncryptedPdfError when /Encrypt appears in the trailer (suffix detection)"},{"ancestorTitles":["readPdfAsBase64 – native path (iOS)"],"duration":1,"failureDetails":[],"failureMessages":[],"fullName":"readPdfAsBase64 – native path (iOS) returns the base64 string from FileSystem on a valid file","invocations":1,"location":null,"numPassingAsserts":2,"retryReasons":[],"status":"passed","title":"returns the base64 string from FileSystem on a valid file"},{"ancestorTitles":["readPdfAsBase64 – native path (iOS)"],"duration":0,"failureDetails":[],"failureMessages":[],"fullName":"readPdfAsBase64 – native path (iOS) reads the exact URI it receives","invocations":1,"location":null,"numPassingAsserts":2,"retryReasons":[],"status":"passed","title":"reads the exact URI it receives"},{"ancestorTitles":["readPdfAsBase64 – native path (iOS)"],"duration":1,"failureDetails":[],"failureMessages":[],"fullName":"readPdfAsBase64 – native path (iOS) throws PdfTooLargeError when file size exceeds 25 MB","invocations":1,"location":null,"numPassingAsserts":2,"retryReasons":[],"status":"passed","title":"throws PdfTooLargeError when file size exceeds 25 MB"},{"ancestorTitles":["readPdfAsBase64 – native path (iOS)"],"duration":0,"failureDetails":[],"failureMessages":[],"fullName":"readPdfAsBase64 – native path (iOS) includes the 25 MB message in PdfTooLargeError","invocations":1,"location":null,"numPassingAsserts":1,"retryReasons":[],"status":"passed","title":"includes the 25 MB message in PdfTooLargeError"},{"ancestorTitles":["readPdfAsBase64 – native path (iOS)"],"duration":1,"failureDetails":[],"failureMessages":[],"fullName":"readPdfAsBase64 – native path (iOS) does NOT throw for a file exactly at the 25 MB limit","invocations":1,"location":null,"numPassingAsserts":1,"retryReasons":[],"status":"passed","title":"does NOT throw for a file exactly at the 25 MB limit"},{"ancestorTitles":["readPdfAsBase64 – native path (iOS)"],"duration":0,"failureDetails":[],"failureMessages":[],"fullName":"readPdfAsBase64 – native path (iOS) throws when the file does not exist","invocations":1,"location":null,"numPassingAsserts":1,"retryReasons":[],"status":"passed","title":"throws when the file does not exist"},{"ancestorTitles":["readPdfAsBase64 – native path (iOS)"],"duration":1,"failureDetails":[],"failureMessages":[],"fullName":"readPdfAsBase64 – native path (iOS) proceeds when getInfoAsync itself throws (non-fatal — reads anyway)","invocations":1,"location":null,"numPassingAsserts":1,"retryReasons":[],"status":"passed","title":"proceeds when getInfoAsync itself throws (non-fatal — reads anyway)"},{"ancestorTitles":["readPdfAsBase64 – native path (iOS)"],"duration":0,"failureDetails":[],"failureMessages":[],"fullName":"readPdfAsBase64 – native path (iOS) propagates errors from readAsStringAsync","invocations":1,"location":null,"numPassingAsserts":1,"retryReasons":[],"status":"passed","title":"propagates errors from readAsStringAsync"},{"ancestorTitles":["readPdfAsBase64 – native path (iOS)"],"duration":0,"failureDetails":[],"failureMessages":[],"fullName":"readPdfAsBase64 – native path (iOS) also works when Platform.OS is 'android'","invocations":1,"location":null,"numPassingAsserts":2,"retryReasons":[],"status":"passed","title":"also works when Platform.OS is 'android'"},{"ancestorTitles":["readPdfAsBase64 – native path (iOS)"],"duration":0,"failureDetails":[],"failureMessages":[],"fullName":"readPdfAsBase64 – native path (iOS) throws InvalidPdfError when the file is not a PDF","invocations":1,"location":null,"numPassingAsserts":1,"retryReasons":[],"status":"passed","title":"throws InvalidPdfError when the file is not a PDF"},{"ancestorTitles":["readPdfAsBase64 – native path (iOS)"],"duration":0,"failureDetails":[],"failureMessages":[],"fullName":"readPdfAsBase64 – native path (iOS) includes a user-friendly message in InvalidPdfError on native","invocations":1,"location":null,"numPassingAsserts":1,"retryReasons":[],"status":"passed","title":"includes a user-friendly message in InvalidPdfError on native"},{"ancestorTitles":["readPdfAsBase64 – native path (iOS)"],"duration":0,"failureDetails":[],"failureMessages":[],"fullName":"readPdfAsBase64 – native path (iOS) accepts a PDF whose header has a pre-header comment before %PDF-","invocations":1,"location":null,"numPassingAsserts":1,"retryReasons":[],"status":"passed","title":"accepts a PDF whose header has a pre-header comment before %PDF-"},{"ancestorTitles":["readPdfAsBase64 – native path (iOS)"],"duration":0,"failureDetails":[],"failureMessages":[],"fullName":"readPdfAsBase64 – native path (iOS) strips MIME-style newlines from base64 before validation and return","invocations":1,"location":null,"numPassingAsserts":2,"retryReasons":[],"status":"passed","title":"strips MIME-style newlines from base64 before validation and return"},{"ancestorTitles":["readPdfAsBase64 – native path (iOS)"],"duration":0,"failureDetails":[],"failureMessages":[],"fullName":"readPdfAsBase64 – native path (iOS) throws EncryptedPdfError when /Encrypt is present in the file","invocations":1,"location":null,"numPassingAsserts":1,"retryReasons":[],"status":"passed","title":"throws EncryptedPdfError when /Encrypt is present in the file"},{"ancestorTitles":["readPdfAsBase64 – native path (iOS)"],"duration":1,"failureDetails":[],"failureMessages":[],"fullName":"readPdfAsBase64 – native path (iOS) includes a user-friendly message in EncryptedPdfError on native","invocations":1,"location":null,"numPassingAsserts":1,"retryReasons":[],"status":"passed","title":"includes a user-friendly message in EncryptedPdfError on native"},{"ancestorTitles":["readPdfAsBytes – web FileReader path (file instanceof File)"],"duration":1,"failureDetails":[],"failureMessages":[],"fullName":"readPdfAsBytes – web FileReader path (file instanceof File) returns the PDF bytes read via FileReader","invocations":1,"location":null,"numPassingAsserts":2,"retryReasons":[],"status":"passed","title":"returns the PDF bytes read via FileReader"},{"ancestorTitles":["readPdfAsBytes – web FileReader path (file instanceof File)"],"duration":1,"failureDetails":[],"failureMessages":[],"fullName":"readPdfAsBytes – web FileReader path (file instanceof File) does not call fetch when the File object is supplied","invocations":1,"location":null,"numPassingAsserts":1,"retryReasons":[],"status":"passed","title":"does not call fetch when the File object is supplied"},{"ancestorTitles":["readPdfAsBytes – web FileReader path (file instanceof File)"],"duration":0,"failureDetails":[],"failureMessages":[],"fullName":"readPdfAsBytes – web FileReader path (file instanceof File) calls readAsArrayBuffer with the supplied File","invocations":1,"location":null,"numPassingAsserts":1,"retryReasons":[],"status":"passed","title":"calls readAsArrayBuffer with the supplied File"},{"ancestorTitles":["readPdfAsBytes – web FileReader path (file instanceof File)"],"duration":1,"failureDetails":[],"failureMessages":[],"fullName":"readPdfAsBytes – web FileReader path (file instanceof File) rejects with a user-friendly message when FileReader fires onerror","invocations":1,"location":null,"numPassingAsserts":1,"retryReasons":[],"status":"passed","title":"rejects with a user-friendly message when FileReader fires onerror"},{"ancestorTitles":["readPdfAsBytes – web FileReader path (file instanceof File)"],"duration":0,"failureDetails":[],"failureMessages":[],"fullName":"readPdfAsBytes – web FileReader path (file instanceof File) rejects and does not call fetch on FileReader error","invocations":1,"location":null,"numPassingAsserts":2,"retryReasons":[],"status":"passed","title":"rejects and does not call fetch on FileReader error"},{"ancestorTitles":["readPdfAsBytes – web FileReader path (file instanceof File)"],"duration":1,"failureDetails":[],"failureMessages":[],"fullName":"readPdfAsBytes – web FileReader path (file instanceof File) throws InvalidPdfError when FileReader returns non-PDF bytes","invocations":1,"location":null,"numPassingAsserts":1,"retryReasons":[],"status":"passed","title":"throws InvalidPdfError when FileReader returns non-PDF bytes"},{"ancestorTitles":["readPdfAsBytes – web FileReader path (file instanceof File)"],"duration":0,"failureDetails":[],"failureMessages":[],"fullName":"readPdfAsBytes – web FileReader path (file instanceof File) throws EncryptedPdfError when FileReader returns an encrypted PDF","invocations":1,"location":null,"numPassingAsserts":1,"retryReasons":[],"status":"passed","title":"throws EncryptedPdfError when FileReader returns an encrypted PDF"},{"ancestorTitles":["readPdfAsBytes – web FileReader path (file instanceof File)"],"duration":20,"failureDetails":[],"failureMessages":[],"fullName":"readPdfAsBytes – web FileReader path (file instanceof File) does not enforce a size cap (no PdfTooLargeError for large files)","invocations":1,"location":null,"numPassingAsserts":1,"retryReasons":[],"status":"passed","title":"does not enforce a size cap (no PdfTooLargeError for large files)"},{"ancestorTitles":["readPdfAsBytes – web fetch fallback (file is undefined)"],"duration":0,"failureDetails":[],"failureMessages":[],"fullName":"readPdfAsBytes – web fetch fallback (file is undefined) falls back to fetch when file is not provided","invocations":1,"location":null,"numPassingAsserts":2,"retryReasons":[],"status":"passed","title":"falls back to fetch when file is not provided"},{"ancestorTitles":["readPdfAsBytes – web fetch fallback (file is undefined)"],"duration":0,"failureDetails":[],"failureMessages":[],"fullName":"readPdfAsBytes – web fetch fallback (file is undefined) falls back to fetch when file is explicitly undefined","invocations":1,"location":null,"numPassingAsserts":2,"retryReasons":[],"status":"passed","title":"falls back to fetch when file is explicitly undefined"},{"ancestorTitles":["readPdfAsBytes – web fetch fallback (file is undefined)"],"duration":41,"failureDetails":[],"failureMessages":[],"fullName":"readPdfAsBytes – web fetch fallback (file is undefined) returns the correct bytes via the fetch fallback","invocations":1,"location":null,"numPassingAsserts":1,"retryReasons":[],"status":"passed","title":"returns the correct bytes via the fetch fallback"},{"ancestorTitles":["readPdfAsBytes – web fetch fallback (file is undefined)"],"duration":68,"failureDetails":[],"failureMessages":[],"fullName":"readPdfAsBytes – web fetch fallback (file is undefined) throws InvalidPdfError via fetch when the content is not a PDF","invocations":1,"location":null,"numPassingAsserts":1,"retryReasons":[],"status":"passed","title":"throws InvalidPdfError via fetch when the content is not a PDF"},{"ancestorTitles":["readPdfAsBytes – web fetch fallback (file is undefined)"],"duration":118,"failureDetails":[],"failureMessages":[],"fullName":"readPdfAsBytes – web fetch fallback (file is undefined) propagates a network error from the fetch fallback","invocations":1,"location":null,"numPassingAsserts":1,"retryReasons":[],"status":"passed","title":"propagates a network error from the fetch fallback"},{"ancestorTitles":["readPdfAsBytes – web fetch fallback (file is undefined)"],"duration":89,"failureDetails":[],"failureMessages":[],"fullName":"readPdfAsBytes – web fetch fallback (file is undefined) throws when the fetch fallback returns a non-OK HTTP status","invocations":1,"location":null,"numPassingAsserts":1,"retryReasons":[],"status":"passed","title":"throws when the fetch fallback returns a non-OK HTTP status"},{"ancestorTitles":["readPdfAsBytes – web fetch fallback (file is undefined)"],"duration":152,"failureDetails":[],"failureMessages":[],"fullName":"readPdfAsBytes – web fetch fallback (file is undefined) does not throw PdfTooLargeError even for buffers over 25 MB","invocations":1,"location":null,"numPassingAsserts":1,"retryReasons":[],"status":"passed","title":"does not throw PdfTooLargeError even for buffers over 25 MB"},{"ancestorTitles":["readPdfAsBytes – native path (file argument ignored)"],"duration":189,"failureDetails":[],"failureMessages":[],"fullName":"readPdfAsBytes – native path (file argument ignored) uses expo-file-system on native regardless of the file argument","invocations":1,"location":null,"numPassingAsserts":3,"retryReasons":[],"status":"passed","title":"uses expo-file-system on native regardless of the file argument"},{"ancestorTitles":["readPdfAsBytes – native path (file argument ignored)"],"duration":200,"failureDetails":[],"failureMessages":[],"fullName":"readPdfAsBytes – native path (file argument ignored) does not call fetch when file argument is omitted on native","invocations":1,"location":null,"numPassingAsserts":2,"retryReasons":[],"status":"passed","title":"does not call fetch when file argument is omitted on native"},{"ancestorTitles":["readPdfAsBytes – native path (file argument ignored)"],"duration":156,"failureDetails":[],"failureMessages":[],"fullName":"readPdfAsBytes – native path (file argument ignored) returns validated bytes from expo-file-system on native","invocations":1,"location":null,"numPassingAsserts":1,"retryReasons":[],"status":"passed","title":"returns validated bytes from expo-file-system on native"},{"ancestorTitles":["readPdfAsBytes – native path (file argument ignored)"],"duration":57,"failureDetails":[],"failureMessages":[],"fullName":"readPdfAsBytes – native path (file argument ignored) throws InvalidPdfError on native when the file is not a PDF","invocations":1,"location":null,"numPassingAsserts":1,"retryReasons":[],"status":"passed","title":"throws InvalidPdfError on native when the file is not a PDF"},{"ancestorTitles":["readPdfAsBytes – native path (file argument ignored)"],"duration":1,"failureDetails":[],"failureMessages":[],"fullName":"readPdfAsBytes – native path (file argument ignored) also works with Platform.OS === 'android' (ignores file argument)","invocations":1,"location":null,"numPassingAsserts":2,"retryReasons":[],"status":"passed","title":"also works with Platform.OS === 'android' (ignores file argument)"},{"ancestorTitles":["toFriendlyReadError"],"duration":0,"failureDetails":[],"failureMessages":[],"fullName":"toFriendlyReadError returns the InvalidPdfError message verbatim","invocations":1,"location":null,"numPassingAsserts":1,"retryReasons":[],"status":"passed","title":"returns the InvalidPdfError message verbatim"},{"ancestorTitles":["toFriendlyReadError"],"duration":0,"failureDetails":[],"failureMessages":[],"fullName":"toFriendlyReadError returns the EncryptedPdfError message verbatim","invocations":1,"location":null,"numPassingAsserts":1,"retryReasons":[],"status":"passed","title":"returns the EncryptedPdfError message verbatim"},{"ancestorTitles":["toFriendlyReadError"],"duration":0,"failureDetails":[],"failureMessages":[],"fullName":"toFriendlyReadError returns the PdfTooLargeError message verbatim","invocations":1,"location":null,"numPassingAsserts":1,"retryReasons":[],"status":"passed","title":"returns the PdfTooLargeError message verbatim"},{"ancestorTitles":["toFriendlyReadError"],"duration":0,"failureDetails":[],"failureMessages":[],"fullName":"toFriendlyReadError maps 'not found' message to the file-not-found copy","invocations":1,"location":null,"numPassingAsserts":1,"retryReasons":[],"status":"passed","title":"maps 'not found' message to the file-not-found copy"},{"ancestorTitles":["toFriendlyReadError"],"duration":0,"failureDetails":[],"failureMessages":[],"fullName":"toFriendlyReadError maps 'no such file' message to the file-not-found copy","invocations":1,"location":null,"numPassingAsserts":1,"retryReasons":[],"status":"passed","title":"maps 'no such file' message to the file-not-found copy"},{"ancestorTitles":["toFriendlyReadError"],"duration":72,"failureDetails":[],"failureMessages":[],"fullName":"toFriendlyReadError maps 'timed out' message to the timeout copy","invocations":1,"location":null,"numPassingAsserts":1,"retryReasons":[],"status":"passed","title":"maps 'timed out' message to the timeout copy"},{"ancestorTitles":["toFriendlyReadError"],"duration":58,"failureDetails":[],"failureMessages":[],"fullName":"toFriendlyReadError maps 'timeout' message to the timeout copy","invocations":1,"location":null,"numPassingAsserts":1,"retryReasons":[],"status":"passed","title":"maps 'timeout' message to the timeout copy"},{"ancestorTitles":["toFriendlyReadError"],"duration":0,"failureDetails":[],"failureMessages":[],"fullName":"toFriendlyReadError maps 'aborted' message to the timeout copy","invocations":1,"location":null,"numPassingAsserts":1,"retryReasons":[],"status":"passed","title":"maps 'aborted' message to the timeout copy"},{"ancestorTitles":["toFriendlyReadError"],"duration":1,"failureDetails":[],"failureMessages":[],"fullName":"toFriendlyReadError maps 'permission denied' message to the permission copy","invocations":1,"location":null,"numPassingAsserts":1,"retryReasons":[],"status":"passed","title":"maps 'permission denied' message to the permission copy"},{"ancestorTitles":["toFriendlyReadError"],"duration":0,"failureDetails":[],"failureMessages":[],"fullName":"toFriendlyReadError maps 'not permitted' message to the permission copy","invocations":1,"location":null,"numPassingAsserts":1,"retryReasons":[],"status":"passed","title":"maps 'not permitted' message to the permission copy"},{"ancestorTitles":["toFriendlyReadError"],"duration":1,"failureDetails":[],"failureMessages":[],"fullName":"toFriendlyReadError maps 'unauthorized' message to the permission copy","invocations":1,"location":null,"numPassingAsserts":1,"retryReasons":[],"status":"passed","title":"maps 'unauthorized' message to the permission copy"},{"ancestorTitles":["toFriendlyReadError"],"duration":0,"failureDetails":[],"failureMessages":[],"fullName":"toFriendlyReadError maps an HTTP status error message to the network copy","invocations":1,"location":null,"numPassingAsserts":1,"retryReasons":[],"status":"passed","title":"maps an HTTP status error message to the network copy"},{"ancestorTitles":["toFriendlyReadError"],"duration":0,"failureDetails":[],"failureMessages":[],"fullName":"toFriendlyReadError maps an HTTP status with no space (e.g. 'HTTP500') to the network copy","invocations":1,"location":null,"numPassingAsserts":1,"retryReasons":[],"status":"passed","title":"maps an HTTP status with no space (e.g. 'HTTP500') to the network copy"},{"ancestorTitles":["toFriendlyReadError"],"duration":46,"failureDetails":[],"failureMessages":[],"fullName":"toFriendlyReadError returns the generic fallback for an unrecognised error message","invocations":1,"location":null,"numPassingAsserts":1,"retryReasons":[],"status":"passed","title":"returns the generic fallback for an unrecognised error message"},{"ancestorTitles":["toFriendlyReadError"],"duration":83,"failureDetails":[],"failureMessages":[],"fullName":"toFriendlyReadError returns the generic fallback for a non-Error value (string)","invocations":1,"location":null,"numPassingAsserts":1,"retryReasons":[],"status":"passed","title":"returns the generic fallback for a non-Error value (string)"},{"ancestorTitles":["toFriendlyReadError"],"duration":59,"failureDetails":[],"failureMessages":[],"fullName":"toFriendlyReadError returns the generic fallback when passed null","invocations":1,"location":null,"numPassingAsserts":1,"retryReasons":[],"status":"passed","title":"returns the generic fallback when passed null"},{"ancestorTitles":["toFriendlyReadError"],"duration":21,"failureDetails":[],"failureMessages":[],"fullName":"toFriendlyReadError returns the generic fallback when passed undefined","invocations":1,"location":null,"numPassingAsserts":1,"retryReasons":[],"status":"passed","title":"returns the generic fallback when passed undefined"},{"ancestorTitles":["toFriendlyReadError"],"duration":100,"failureDetails":[],"failureMessages":[],"fullName":"toFriendlyReadError is case-insensitive for the 'NOT FOUND' pattern","invocations":1,"location":null,"numPassingAsserts":1,"retryReasons":[],"status":"passed","title":"is case-insensitive for the 'NOT FOUND' pattern"},{"ancestorTitles":["toFriendlyReadError"],"duration":1,"failureDetails":[],"failureMessages":[],"fullName":"toFriendlyReadError is case-insensitive for the 'TIMED OUT' pattern","invocations":1,"location":null,"numPassingAsserts":1,"retryReasons":[],"status":"passed","title":"is case-insensitive for the 'TIMED OUT' pattern"}],"endTime":1783267490427,"message":"","name":"/home/runner/workspace/artifacts/parts-id/__tests__/readPdfAsBase64.test.ts","startTime":1783267488000,"status":"passed","summary":""},{"assertionResults":[{"ancestorTitles":["splitPdfIntoChunks","no-op path (totalPages <= pagesPerChunk)"],"duration":87,"failureDetails":[],"failureMessages":[],"fullName":"splitPdfIntoChunks no-op path (totalPages <= pagesPerChunk) returns a single chunk for a PDF with exactly pagesPerChunk pages","invocations":1,"location":null,"numPassingAsserts":3,"retryReasons":[],"status":"passed","title":"returns a single chunk for a PDF with exactly pagesPerChunk pages"},{"ancestorTitles":["splitPdfIntoChunks","no-op path (totalPages <= pagesPerChunk)"],"duration":9,"failureDetails":[],"failureMessages":[],"fullName":"splitPdfIntoChunks no-op path (totalPages <= pagesPerChunk) returns the original bytes unchanged on the no-op path","invocations":1,"location":null,"numPassingAsserts":2,"retryReasons":[],"status":"passed","title":"returns the original bytes unchanged on the no-op path"},{"ancestorTitles":["splitPdfIntoChunks","no-op path (totalPages <= pagesPerChunk)"],"duration":4,"failureDetails":[],"failureMessages":[],"fullName":"splitPdfIntoChunks no-op path (totalPages <= pagesPerChunk) returns a single chunk for a 1-page PDF","invocations":1,"location":null,"numPassingAsserts":2,"retryReasons":[],"status":"passed","title":"returns a single chunk for a 1-page PDF"},{"ancestorTitles":["splitPdfIntoChunks","no-op path (totalPages <= pagesPerChunk)"],"duration":25,"failureDetails":[],"failureMessages":[],"fullName":"splitPdfIntoChunks no-op path (totalPages <= pagesPerChunk) uses PAGES_PER_CHUNK (20) as the default when pagesPerChunk is omitted","invocations":1,"location":null,"numPassingAsserts":2,"retryReasons":[],"status":"passed","title":"uses PAGES_PER_CHUNK (20) as the default when pagesPerChunk is omitted"},{"ancestorTitles":["splitPdfIntoChunks","split path (totalPages > pagesPerChunk)"],"duration":58,"failureDetails":[],"failureMessages":[],"fullName":"splitPdfIntoChunks split path (totalPages > pagesPerChunk) splits a 45-page PDF with pagesPerChunk=20 into 3 chunks","invocations":1,"location":null,"numPassingAsserts":1,"retryReasons":[],"status":"passed","title":"splits a 45-page PDF with pagesPerChunk=20 into 3 chunks"},{"ancestorTitles":["splitPdfIntoChunks","split path (totalPages > pagesPerChunk)"],"duration":48,"failureDetails":[],"failureMessages":[],"fullName":"splitPdfIntoChunks split path (totalPages > pagesPerChunk) returns correct pageCount values [20, 20, 5] for a 45-page PDF","invocations":1,"location":null,"numPassingAsserts":3,"retryReasons":[],"status":"passed","title":"returns correct pageCount values [20, 20, 5] for a 45-page PDF"},{"ancestorTitles":["splitPdfIntoChunks","split path (totalPages > pagesPerChunk)"],"duration":33,"failureDetails":[],"failureMessages":[],"fullName":"splitPdfIntoChunks split path (totalPages > pagesPerChunk) returns correct pageOffset values [0, 20, 40] for a 45-page PDF","invocations":1,"location":null,"numPassingAsserts":3,"retryReasons":[],"status":"passed","title":"returns correct pageOffset values [0, 20, 40] for a 45-page PDF"},{"ancestorTitles":["splitPdfIntoChunks","split path (totalPages > pagesPerChunk)"],"duration":3367,"failureDetails":[],"failureMessages":[],"fullName":"splitPdfIntoChunks split path (totalPages > pagesPerChunk) each chunk byte array is a valid PDF (starts with %PDF)","invocations":1,"location":null,"numPassingAsserts":3,"retryReasons":[],"status":"passed","title":"each chunk byte array is a valid PDF (starts with %PDF)"},{"ancestorTitles":["splitPdfIntoChunks","split path (totalPages > pagesPerChunk)"],"duration":104,"failureDetails":[],"failureMessages":[],"fullName":"splitPdfIntoChunks split path (totalPages > pagesPerChunk) the sum of all chunkPageCounts equals totalPages","invocations":1,"location":null,"numPassingAsserts":1,"retryReasons":[],"status":"passed","title":"the sum of all chunkPageCounts equals totalPages"},{"ancestorTitles":["splitPdfIntoChunks","split path (totalPages > pagesPerChunk)"],"duration":160,"failureDetails":[],"failureMessages":[],"fullName":"splitPdfIntoChunks split path (totalPages > pagesPerChunk) each chunk contains the correct number of pages (re-parsed by pdf-lib)","invocations":1,"location":null,"numPassingAsserts":4,"retryReasons":[],"status":"passed","title":"each chunk contains the correct number of pages (re-parsed by pdf-lib)"},{"ancestorTitles":["splitPdfIntoChunks","split path (totalPages > pagesPerChunk)"],"duration":53,"failureDetails":[],"failureMessages":[],"fullName":"splitPdfIntoChunks split path (totalPages > pagesPerChunk) handles a PDF whose page count is exactly 1 more than pagesPerChunk","invocations":1,"location":null,"numPassingAsserts":4,"retryReasons":[],"status":"passed","title":"handles a PDF whose page count is exactly 1 more than pagesPerChunk"},{"ancestorTitles":["splitPdfIntoChunks","split path (totalPages > pagesPerChunk)"],"duration":253,"failureDetails":[],"failureMessages":[],"fullName":"splitPdfIntoChunks split path (totalPages > pagesPerChunk) pageOffset of chunk N equals the sum of all previous chunks' pageCounts","invocations":1,"location":null,"numPassingAsserts":4,"retryReasons":[],"status":"passed","title":"pageOffset of chunk N equals the sum of all previous chunks' pageCounts"}],"endTime":1783267495081,"message":"","name":"/home/runner/workspace/artifacts/parts-id/__tests__/splitPdfIntoChunks.test.ts","startTime":1783267490443,"status":"passed","summary":""},{"assertionResults":[{"ancestorTitles":["PhotoScreen – admin bridge card"],"duration":38,"failureDetails":[],"failureMessages":[],"fullName":"PhotoScreen – admin bridge card shows the '⚠️ No dimensions on record' card for admins when top result has no dimensions","invocations":1,"location":null,"numPassingAsserts":3,"retryReasons":[],"status":"passed","title":"shows the '⚠️ No dimensions on record' card for admins when top result has no dimensions"},{"ancestorTitles":["PhotoScreen – admin bridge card"],"duration":25,"failureDetails":[],"failureMessages":[],"fullName":"PhotoScreen – admin bridge card shows the 'Measure Now' button inside the bridge card","invocations":1,"location":null,"numPassingAsserts":3,"retryReasons":[],"status":"passed","title":"shows the 'Measure Now' button inside the bridge card"},{"ancestorTitles":["PhotoScreen – admin bridge card"],"duration":18,"failureDetails":[],"failureMessages":[],"fullName":"PhotoScreen – admin bridge card does NOT show the bridge card for non-admin users","invocations":1,"location":null,"numPassingAsserts":1,"retryReasons":[],"status":"passed","title":"does NOT show the bridge card for non-admin users"},{"ancestorTitles":["PhotoScreen – admin bridge card"],"duration":17,"failureDetails":[],"failureMessages":[],"fullName":"PhotoScreen – admin bridge card does NOT show the bridge card when the top result already has dimensions","invocations":1,"location":null,"numPassingAsserts":1,"retryReasons":[],"status":"passed","title":"does NOT show the bridge card when the top result already has dimensions"},{"ancestorTitles":["PhotoScreen – 'Measure Now' opens MeasurePartScreen"],"duration":37,"failureDetails":[],"failureMessages":[],"fullName":"PhotoScreen – 'Measure Now' opens MeasurePartScreen sets MeasurePartScreen visible=true when 'Measure Now' is tapped","invocations":1,"location":null,"numPassingAsserts":5,"retryReasons":[],"status":"passed","title":"sets MeasurePartScreen visible=true when 'Measure Now' is tapped"},{"ancestorTitles":["PhotoScreen – 'Measure Now' opens MeasurePartScreen"],"duration":20,"failureDetails":[],"failureMessages":[],"fullName":"PhotoScreen – 'Measure Now' opens MeasurePartScreen passes the bridge item as initialItem to MeasurePartScreen","invocations":1,"location":null,"numPassingAsserts":4,"retryReasons":[],"status":"passed","title":"passes the bridge item as initialItem to MeasurePartScreen"},{"ancestorTitles":["PhotoScreen – 'Measure Now' opens MeasurePartScreen"],"duration":19,"failureDetails":[],"failureMessages":[],"fullName":"PhotoScreen – 'Measure Now' opens MeasurePartScreen dismisses the bridge card itself after tapping 'Measure Now'","invocations":1,"location":null,"numPassingAsserts":3,"retryReasons":[],"status":"passed","title":"dismisses the bridge card itself after tapping 'Measure Now'"},{"ancestorTitles":["PhotoScreen – closing MeasurePartScreen clears adminBridgeMeasureItem"],"duration":22,"failureDetails":[],"failureMessages":[],"fullName":"PhotoScreen – closing MeasurePartScreen clears adminBridgeMeasureItem sets MeasurePartScreen visible=false when onClose is called","invocations":1,"location":null,"numPassingAsserts":5,"retryReasons":[],"status":"passed","title":"sets MeasurePartScreen visible=false when onClose is called"},{"ancestorTitles":["PhotoScreen – closing MeasurePartScreen clears adminBridgeMeasureItem"],"duration":23,"failureDetails":[],"failureMessages":[],"fullName":"PhotoScreen – closing MeasurePartScreen clears adminBridgeMeasureItem clears initialItem (adminBridgeMeasureItem) when onClose is called","invocations":1,"location":null,"numPassingAsserts":4,"retryReasons":[],"status":"passed","title":"clears initialItem (adminBridgeMeasureItem) when onClose is called"},{"ancestorTitles":["PhotoScreen – admin bridge onConfirm routes dimensions to search (no server write)"],"duration":30,"failureDetails":[],"failureMessages":[],"fullName":"PhotoScreen – admin bridge onConfirm routes dimensions to search (no server write) closes MeasurePartScreen (visible=false) after onConfirm is called","invocations":1,"location":null,"numPassingAsserts":4,"retryReasons":[],"status":"passed","title":"closes MeasurePartScreen (visible=false) after onConfirm is called"},{"ancestorTitles":["PhotoScreen – admin bridge onConfirm routes dimensions to search (no server write)"],"duration":25,"failureDetails":[],"failureMessages":[],"fullName":"PhotoScreen – admin bridge onConfirm routes dimensions to search (no server write) calls setPendingMeasureSearch with exact min/max params derived from confirmed dimensions","invocations":1,"location":null,"numPassingAsserts":4,"retryReasons":[],"status":"passed","title":"calls setPendingMeasureSearch with exact min/max params derived from confirmed dimensions"},{"ancestorTitles":["PhotoScreen – admin bridge onConfirm routes dimensions to search (no server write)"],"duration":33,"failureDetails":[],"failureMessages":[],"fullName":"PhotoScreen – admin bridge onConfirm routes dimensions to search (no server write) rounds fractional dimension values when building search params","invocations":1,"location":null,"numPassingAsserts":3,"retryReasons":[],"status":"passed","title":"rounds fractional dimension values when building search params"},{"ancestorTitles":["PhotoScreen – admin bridge onConfirm routes dimensions to search (no server write)"],"duration":10,"failureDetails":[],"failureMessages":[],"fullName":"PhotoScreen – admin bridge onConfirm routes dimensions to search (no server write) includes diameter in search params when a non-null diameter is confirmed","invocations":1,"location":null,"numPassingAsserts":3,"retryReasons":[],"status":"passed","title":"includes diameter in search params when a non-null diameter is confirmed"},{"ancestorTitles":["PhotoScreen – admin bridge onConfirm routes dimensions to search (no server write)"],"duration":9,"failureDetails":[],"failureMessages":[],"fullName":"PhotoScreen – admin bridge onConfirm routes dimensions to search (no server write) does NOT call setPendingMeasureSearch when all confirmed dimensions are null","invocations":1,"location":null,"numPassingAsserts":3,"retryReasons":[],"status":"passed","title":"does NOT call setPendingMeasureSearch when all confirmed dimensions are null"},{"ancestorTitles":["PhotoScreen – admin bridge onConfirm routes dimensions to search (no server write)"],"duration":19,"failureDetails":[],"failureMessages":[],"fullName":"PhotoScreen – admin bridge onConfirm routes dimensions to search (no server write) navigates to the root tab ('/') after confirm — not to a server update path","invocations":1,"location":null,"numPassingAsserts":3,"retryReasons":[],"status":"passed","title":"navigates to the root tab ('/') after confirm — not to a server update path"},{"ancestorTitles":["PhotoScreen – admin bridge onConfirm routes dimensions to search (no server write)"],"duration":7,"failureDetails":[],"failureMessages":[],"fullName":"PhotoScreen – admin bridge onConfirm routes dimensions to search (no server write) does NOT make any inventory mutation calls after onConfirm (no server PATCH/PUT)","invocations":1,"location":null,"numPassingAsserts":4,"retryReasons":[],"status":"passed","title":"does NOT make any inventory mutation calls after onConfirm (no server PATCH/PUT)"}],"endTime":1783267499087,"message":"","name":"/home/runner/workspace/artifacts/parts-id/__tests__/adminBridgeMeasureNow.test.tsx","startTime":1783267495107,"status":"passed","summary":""},{"assertionResults":[{"ancestorTitles":["startup always fits — no viewport restore on mount"],"duration":31,"failureDetails":[],"failureMessages":[],"fullName":"startup always fits — no viewport restore on mount phone (390×761): computeFitTarget is called on mount (fit always runs)","invocations":1,"location":null,"numPassingAsserts":1,"retryReasons":[],"status":"passed","title":"phone (390×761): computeFitTarget is called on mount (fit always runs)"},{"ancestorTitles":["startup always fits — no viewport restore on mount"],"duration":9,"failureDetails":[],"failureMessages":[],"fullName":"startup always fits — no viewport restore on mount phone (390×761): computeFitTarget is called with the cached contentViewBox","invocations":1,"location":null,"numPassingAsserts":1,"retryReasons":[],"status":"passed","title":"phone (390×761): computeFitTarget is called with the cached contentViewBox"},{"ancestorTitles":["startup always fits — no viewport restore on mount"],"duration":7,"failureDetails":[],"failureMessages":[],"fullName":"startup always fits — no viewport restore on mount phone (390×761): at least two shared values hold ZOOM_STOPS[0].scale (scale + savedScale)","invocations":1,"location":null,"numPassingAsserts":1,"retryReasons":[],"status":"passed","title":"phone (390×761): at least two shared values hold ZOOM_STOPS[0].scale (scale + savedScale)"},{"ancestorTitles":["startup always fits — no viewport restore on mount"],"duration":7,"failureDetails":[],"failureMessages":[],"fullName":"startup always fits — no viewport restore on mount phone (390×761): AsyncStorage.getItem is NOT called on mount (no restore path)","invocations":1,"location":null,"numPassingAsserts":1,"retryReasons":[],"status":"passed","title":"phone (390×761): AsyncStorage.getItem is NOT called on mount (no restore path)"},{"ancestorTitles":["startup always fits — no viewport restore on mount"],"duration":4,"failureDetails":[],"failureMessages":[],"fullName":"startup always fits — no viewport restore on mount phone (390×761): computeFitTarget returns scale === ZOOM_STOPS[0].scale (z0 fit)","invocations":1,"location":null,"numPassingAsserts":1,"retryReasons":[],"status":"passed","title":"phone (390×761): computeFitTarget returns scale === ZOOM_STOPS[0].scale (z0 fit)"},{"ancestorTitles":["startup always fits — no viewport restore on mount"],"duration":4,"failureDetails":[],"failureMessages":[],"fullName":"startup always fits — no viewport restore on mount iPad (768×960): computeFitTarget is called on mount","invocations":1,"location":null,"numPassingAsserts":1,"retryReasons":[],"status":"passed","title":"iPad (768×960): computeFitTarget is called on mount"},{"ancestorTitles":["startup always fits — no viewport restore on mount"],"duration":4,"failureDetails":[],"failureMessages":[],"fullName":"startup always fits — no viewport restore on mount iPad (768×960): at least two shared values hold ZOOM_STOPS[0].scale","invocations":1,"location":null,"numPassingAsserts":1,"retryReasons":[],"status":"passed","title":"iPad (768×960): at least two shared values hold ZOOM_STOPS[0].scale"},{"ancestorTitles":["startup always fits — no viewport restore on mount"],"duration":4,"failureDetails":[],"failureMessages":[],"fullName":"startup always fits — no viewport restore on mount iPad (768×960): AsyncStorage.getItem is NOT called on mount","invocations":1,"location":null,"numPassingAsserts":1,"retryReasons":[],"status":"passed","title":"iPad (768×960): AsyncStorage.getItem is NOT called on mount"},{"ancestorTitles":["no saved viewport — pendingFit set and applyFitIfReady fires"],"duration":3,"failureDetails":[],"failureMessages":[],"fullName":"no saved viewport — pendingFit set and applyFitIfReady fires phone (390×761): computeFitTarget is called when no stored viewport exists","invocations":1,"location":null,"numPassingAsserts":1,"retryReasons":[],"status":"passed","title":"phone (390×761): computeFitTarget is called when no stored viewport exists"},{"ancestorTitles":["no saved viewport — pendingFit set and applyFitIfReady fires"],"duration":22,"failureDetails":[],"failureMessages":[],"fullName":"no saved viewport — pendingFit set and applyFitIfReady fires phone (390×761): computeFitTarget is called with the cached contentViewBox","invocations":1,"location":null,"numPassingAsserts":1,"retryReasons":[],"status":"passed","title":"phone (390×761): computeFitTarget is called with the cached contentViewBox"},{"ancestorTitles":["no saved viewport — pendingFit set and applyFitIfReady fires"],"duration":4,"failureDetails":[],"failureMessages":[],"fullName":"no saved viewport — pendingFit set and applyFitIfReady fires phone (390×761): computeFitTarget returns scale === ZOOM_STOPS[0].scale (z0 fit)","invocations":1,"location":null,"numPassingAsserts":1,"retryReasons":[],"status":"passed","title":"phone (390×761): computeFitTarget returns scale === ZOOM_STOPS[0].scale (z0 fit)"},{"ancestorTitles":["no saved viewport — pendingFit set and applyFitIfReady fires"],"duration":3,"failureDetails":[],"failureMessages":[],"fullName":"no saved viewport — pendingFit set and applyFitIfReady fires phone (390×761): at least two shared values hold ZOOM_STOPS[0].scale after fit","invocations":1,"location":null,"numPassingAsserts":1,"retryReasons":[],"status":"passed","title":"phone (390×761): at least two shared values hold ZOOM_STOPS[0].scale after fit"},{"ancestorTitles":["no saved viewport — pendingFit set and applyFitIfReady fires"],"duration":3,"failureDetails":[],"failureMessages":[],"fullName":"no saved viewport — pendingFit set and applyFitIfReady fires phone (390×761): AsyncStorage.getItem is NOT called on mount (no restore path)","invocations":1,"location":null,"numPassingAsserts":1,"retryReasons":[],"status":"passed","title":"phone (390×761): AsyncStorage.getItem is NOT called on mount (no restore path)"},{"ancestorTitles":["no saved viewport — pendingFit set and applyFitIfReady fires"],"duration":3,"failureDetails":[],"failureMessages":[],"fullName":"no saved viewport — pendingFit set and applyFitIfReady fires iPad (768×960): computeFitTarget is called when no stored viewport exists","invocations":1,"location":null,"numPassingAsserts":1,"retryReasons":[],"status":"passed","title":"iPad (768×960): computeFitTarget is called when no stored viewport exists"},{"ancestorTitles":["no saved viewport — pendingFit set and applyFitIfReady fires"],"duration":2,"failureDetails":[],"failureMessages":[],"fullName":"no saved viewport — pendingFit set and applyFitIfReady fires iPad (768×960): computeFitTarget returns scale === ZOOM_STOPS[0].scale (z0 fit)","invocations":1,"location":null,"numPassingAsserts":1,"retryReasons":[],"status":"passed","title":"iPad (768×960): computeFitTarget returns scale === ZOOM_STOPS[0].scale (z0 fit)"},{"ancestorTitles":["startup fit — no AsyncStorage.getItem call during mount"],"duration":3,"failureDetails":[],"failureMessages":[],"fullName":"startup fit — no AsyncStorage.getItem call during mount phone (390×761): AsyncStorage.getItem is not called even when a stored viewport exists","invocations":1,"location":null,"numPassingAsserts":1,"retryReasons":[],"status":"passed","title":"phone (390×761): AsyncStorage.getItem is not called even when a stored viewport exists"},{"ancestorTitles":["startup fit — no AsyncStorage.getItem call during mount"],"duration":2,"failureDetails":[],"failureMessages":[],"fullName":"startup fit — no AsyncStorage.getItem call during mount iPad (768×960): AsyncStorage.getItem is not called even when a stored viewport exists","invocations":1,"location":null,"numPassingAsserts":1,"retryReasons":[],"status":"passed","title":"iPad (768×960): AsyncStorage.getItem is not called even when a stored viewport exists"},{"ancestorTitles":["startup fit — no AsyncStorage.getItem call during mount"],"duration":3,"failureDetails":[],"failureMessages":[],"fullName":"startup fit — no AsyncStorage.getItem call during mount phone (390×761): fit-to-screen scale is applied (stored s=4.0 is ignored; ZOOM_STOPS[0].scale is used)","invocations":1,"location":null,"numPassingAsserts":2,"retryReasons":[],"status":"passed","title":"phone (390×761): fit-to-screen scale is applied (stored s=4.0 is ignored; ZOOM_STOPS[0].scale is used)"},{"ancestorTitles":["AppState background handler — flushes pending _persistTimer write"],"duration":6,"failureDetails":[],"failureMessages":[],"fullName":"AppState background handler — flushes pending _persistTimer write fires AsyncStorage.setItem immediately when backgrounded with a pending write","invocations":1,"location":null,"numPassingAsserts":6,"retryReasons":[],"status":"passed","title":"fires AsyncStorage.setItem immediately when backgrounded with a pending write"},{"ancestorTitles":["AppState background handler — flushes pending _persistTimer write"],"duration":4,"failureDetails":[],"failureMessages":[],"fullName":"AppState background handler — flushes pending _persistTimer write does NOT call AsyncStorage.setItem when backgrounded with no pending write","invocations":1,"location":null,"numPassingAsserts":2,"retryReasons":[],"status":"passed","title":"does NOT call AsyncStorage.setItem when backgrounded with no pending write"},{"ancestorTitles":["startup fit — cold cache (getCachedData returns null on first install)"],"duration":7,"failureDetails":[],"failureMessages":[],"fullName":"startup fit — cold cache (getCachedData returns null on first install) phone (390×761): computeFitTarget is called and scale/tx/ty are applied after SVG XML arrives from cold cache","invocations":1,"location":null,"numPassingAsserts":8,"retryReasons":[],"status":"passed","title":"phone (390×761): computeFitTarget is called and scale/tx/ty are applied after SVG XML arrives from cold cache"},{"ancestorTitles":["device rotation — translate values scale by newW/oldW ratio"],"duration":5,"failureDetails":[],"failureMessages":[],"fullName":"device rotation — translate values scale by newW/oldW ratio portrait→landscape: scales translateX and translateY by newW/oldW","invocations":1,"location":null,"numPassingAsserts":2,"retryReasons":[],"status":"passed","title":"portrait→landscape: scales translateX and translateY by newW/oldW"},{"ancestorTitles":["device rotation — translate values scale by newW/oldW ratio"],"duration":4,"failureDetails":[],"failureMessages":[],"fullName":"device rotation — translate values scale by newW/oldW ratio landscape→portrait: scales translateX and translateY by newW/oldW","invocations":1,"location":null,"numPassingAsserts":2,"retryReasons":[],"status":"passed","title":"landscape→portrait: scales translateX and translateY by newW/oldW"}],"endTime":1783267501278,"message":"","name":"/home/runner/workspace/artifacts/parts-id/components/__tests__/WarehouseMapView.test.tsx","startTime":1783267499090,"status":"passed","summary":""},{"assertionResults":[{"ancestorTitles":["babel.config.js — worklets plugin is configured"],"duration":1,"failureDetails":[],"failureMessages":[],"fullName":"babel.config.js — worklets plugin is configured react-native-worklets/plugin is listed in the plugins array","invocations":1,"location":null,"numPassingAsserts":1,"retryReasons":[],"status":"passed","title":"react-native-worklets/plugin is listed in the plugins array"},{"ancestorTitles":["babel.config.js — worklets plugin is configured"],"duration":1,"failureDetails":[],"failureMessages":[],"fullName":"babel.config.js — worklets plugin is configured babel.config.js can be required without throwing","invocations":1,"location":null,"numPassingAsserts":1,"retryReasons":[],"status":"passed","title":"babel.config.js can be required without throwing"},{"ancestorTitles":["react-native-reanimated web mock — exports are callable functions"],"duration":1,"failureDetails":[],"failureMessages":[],"fullName":"react-native-reanimated web mock — exports are callable functions useAnimatedProps is a function","invocations":1,"location":null,"numPassingAsserts":1,"retryReasons":[],"status":"passed","title":"useAnimatedProps is a function"},{"ancestorTitles":["react-native-reanimated web mock — exports are callable functions"],"duration":0,"failureDetails":[],"failureMessages":[],"fullName":"react-native-reanimated web mock — exports are callable functions useSharedValue is a function","invocations":1,"location":null,"numPassingAsserts":1,"retryReasons":[],"status":"passed","title":"useSharedValue is a function"},{"ancestorTitles":["react-native-reanimated web mock — exports are callable functions"],"duration":0,"failureDetails":[],"failureMessages":[],"fullName":"react-native-reanimated web mock — exports are callable functions useAnimatedProps() invokes the callback and returns its result","invocations":1,"location":null,"numPassingAsserts":1,"retryReasons":[],"status":"passed","title":"useAnimatedProps() invokes the callback and returns its result"},{"ancestorTitles":["react-native-reanimated web mock — exports are callable functions"],"duration":0,"failureDetails":[],"failureMessages":[],"fullName":"react-native-reanimated web mock — exports are callable functions useSharedValue(1) returns a shared-value object","invocations":1,"location":null,"numPassingAsserts":2,"retryReasons":[],"status":"passed","title":"useSharedValue(1) returns a shared-value object"},{"ancestorTitles":["MapPin3D — mounts on web Platform.OS without throwing"],"duration":3,"failureDetails":[],"failureMessages":[],"fullName":"MapPin3D — mounts on web Platform.OS without throwing steady state (isNew=false): mounts and renders svg-path elements","invocations":1,"location":null,"numPassingAsserts":1,"retryReasons":[],"status":"passed","title":"steady state (isNew=false): mounts and renders svg-path elements"},{"ancestorTitles":["MapPin3D — mounts on web Platform.OS without throwing"],"duration":1,"failureDetails":[],"failureMessages":[],"fullName":"MapPin3D — mounts on web Platform.OS without throwing entrance animation (isNew=true): mounts without throwing (exercises withSpring on web)","invocations":1,"location":null,"numPassingAsserts":1,"retryReasons":[],"status":"passed","title":"entrance animation (isNew=true): mounts without throwing (exercises withSpring on web)"},{"ancestorTitles":["MapPin3D — mounts on web Platform.OS without throwing"],"duration":2,"failureDetails":[],"failureMessages":[],"fullName":"MapPin3D — mounts on web Platform.OS without throwing AnimatedG (svg-g) receives animatedProps.transform — worklet callback was invoked","invocations":1,"location":null,"numPassingAsserts":4,"retryReasons":[],"status":"passed","title":"AnimatedG (svg-g) receives animatedProps.transform — worklet callback was invoked"},{"ancestorTitles":["MapPin3D — mounts on web Platform.OS without throwing"],"duration":1,"failureDetails":[],"failureMessages":[],"fullName":"MapPin3D — mounts on web Platform.OS without throwing animatedProps.transform encodes cx/cy — correct coordinate values were captured in closure","invocations":1,"location":null,"numPassingAsserts":2,"retryReasons":[],"status":"passed","title":"animatedProps.transform encodes cx/cy — correct coordinate values were captured in closure"},{"ancestorTitles":["MapPinEmoji — mounts on web Platform.OS without throwing"],"duration":1,"failureDetails":[],"failureMessages":[],"fullName":"MapPinEmoji — mounts on web Platform.OS without throwing steady state (isNew=false): mounts and renders svg-text emoji element","invocations":1,"location":null,"numPassingAsserts":1,"retryReasons":[],"status":"passed","title":"steady state (isNew=false): mounts and renders svg-text emoji element"},{"ancestorTitles":["MapPinEmoji — mounts on web Platform.OS without throwing"],"duration":1,"failureDetails":[],"failureMessages":[],"fullName":"MapPinEmoji — mounts on web Platform.OS without throwing entrance animation (isNew=true): mounts without throwing (exercises withSpring on web)","invocations":1,"location":null,"numPassingAsserts":1,"retryReasons":[],"status":"passed","title":"entrance animation (isNew=true): mounts without throwing (exercises withSpring on web)"},{"ancestorTitles":["MapPinEmoji — mounts on web Platform.OS without throwing"],"duration":1,"failureDetails":[],"failureMessages":[],"fullName":"MapPinEmoji — mounts on web Platform.OS without throwing AnimatedG (svg-g) receives animatedProps.transform — worklet callback was invoked","invocations":1,"location":null,"numPassingAsserts":4,"retryReasons":[],"status":"passed","title":"AnimatedG (svg-g) receives animatedProps.transform — worklet callback was invoked"},{"ancestorTitles":["MapPinEmoji — mounts on web Platform.OS without throwing"],"duration":1,"failureDetails":[],"failureMessages":[],"fullName":"MapPinEmoji — mounts on web Platform.OS without throwing animatedProps.transform encodes cx/cy — correct coordinate values were captured in closure","invocations":1,"location":null,"numPassingAsserts":2,"retryReasons":[],"status":"passed","title":"animatedProps.transform encodes cx/cy — correct coordinate values were captured in closure"},{"ancestorTitles":["MapPinEmoji — mounts on web Platform.OS without throwing"],"duration":1,"failureDetails":[],"failureMessages":[],"fullName":"MapPinEmoji — mounts on web Platform.OS without throwing colour-badge ellipse carries the expected fill colour on web","invocations":1,"location":null,"numPassingAsserts":1,"retryReasons":[],"status":"passed","title":"colour-badge ellipse carries the expected fill colour on web"}],"endTime":1783267501893,"message":"","name":"/home/runner/workspace/artifacts/parts-id/__tests__/mapPinWebPath.test.tsx","startTime":1783267501312,"status":"passed","summary":""},{"assertionResults":[{"ancestorTitles":["SearchScreen — search bar visibility by mode"],"duration":14,"failureDetails":[],"failureMessages":[],"fullName":"SearchScreen — search bar visibility by mode renders the search bar in the default search mode","invocations":1,"location":null,"numPassingAsserts":1,"retryReasons":[],"status":"passed","title":"renders the search bar in the default search mode"},{"ancestorTitles":["SearchScreen — search bar visibility by mode"],"duration":12,"failureDetails":[],"failureMessages":[],"fullName":"SearchScreen — search bar visibility by mode hides the search bar after switching to aisle mode","invocations":1,"location":null,"numPassingAsserts":3,"retryReasons":[],"status":"passed","title":"hides the search bar after switching to aisle mode"},{"ancestorTitles":["SearchScreen — search bar visibility by mode"],"duration":18,"failureDetails":[],"failureMessages":[],"fullName":"SearchScreen — search bar visibility by mode hides the search bar after switching to category mode","invocations":1,"location":null,"numPassingAsserts":3,"retryReasons":[],"status":"passed","title":"hides the search bar after switching to category mode"},{"ancestorTitles":["SearchScreen — search bar visibility by mode"],"duration":16,"failureDetails":[],"failureMessages":[],"fullName":"SearchScreen — search bar visibility by mode restores the search bar when BrowseByAisle's onClose is invoked","invocations":1,"location":null,"numPassingAsserts":5,"retryReasons":[],"status":"passed","title":"restores the search bar when BrowseByAisle's onClose is invoked"},{"ancestorTitles":["SearchScreen — search bar visibility by mode"],"duration":20,"failureDetails":[],"failureMessages":[],"fullName":"SearchScreen — search bar visibility by mode restores the search bar when BrowseByCategory's onClose is invoked","invocations":1,"location":null,"numPassingAsserts":5,"retryReasons":[],"status":"passed","title":"restores the search bar when BrowseByCategory's onClose is invoked"}],"endTime":1783267504011,"message":"","name":"/home/runner/workspace/artifacts/parts-id/__tests__/searchBarBrowseModeVisibility.test.tsx","startTime":1783267501896,"status":"passed","summary":""},{"assertionResults":[{"ancestorTitles":["FilterPanel — Apply buttons"],"duration":67,"failureDetails":[],"failureMessages":[],"fullName":"FilterPanel — Apply buttons top Apply button calls onApply when pressed (panel expanded)","invocations":1,"location":null,"numPassingAsserts":2,"retryReasons":[],"status":"passed","title":"top Apply button calls onApply when pressed (panel expanded)"},{"ancestorTitles":["FilterPanel — Apply buttons"],"duration":27,"failureDetails":[],"failureMessages":[],"fullName":"FilterPanel — Apply buttons bottom Apply button calls onApply when pressed (panel expanded)","invocations":1,"location":null,"numPassingAsserts":2,"retryReasons":[],"status":"passed","title":"bottom Apply button calls onApply when pressed (panel expanded)"},{"ancestorTitles":["FilterPanel — Apply buttons"],"duration":91,"failureDetails":[],"failureMessages":[],"fullName":"FilterPanel — Apply buttons both Apply buttons are distinct pressable elements","invocations":1,"location":null,"numPassingAsserts":2,"retryReasons":[],"status":"passed","title":"both Apply buttons are distinct pressable elements"},{"ancestorTitles":["FilterPanel — Apply buttons"],"duration":20,"failureDetails":[],"failureMessages":[],"fullName":"FilterPanel — Apply buttons pressing top Apply button does not call onApply more than once","invocations":1,"location":null,"numPassingAsserts":1,"retryReasons":[],"status":"passed","title":"pressing top Apply button does not call onApply more than once"},{"ancestorTitles":["FilterPanel — Apply buttons"],"duration":19,"failureDetails":[],"failureMessages":[],"fullName":"FilterPanel — Apply buttons pressing bottom Apply button does not call onApply more than once","invocations":1,"location":null,"numPassingAsserts":1,"retryReasons":[],"status":"passed","title":"pressing bottom Apply button does not call onApply more than once"},{"ancestorTitles":["FilterPanel — Apply buttons"],"duration":25,"failureDetails":[],"failureMessages":[],"fullName":"FilterPanel — Apply buttons no Apply button appears when onApply is not provided (panel expanded)","invocations":1,"location":null,"numPassingAsserts":1,"retryReasons":[],"status":"passed","title":"no Apply button appears when onApply is not provided (panel expanded)"},{"ancestorTitles":["FilterPanel — Apply buttons"],"duration":1,"failureDetails":[],"failureMessages":[],"fullName":"FilterPanel — Apply buttons no Apply button appears when the panel is collapsed (onApply provided)","invocations":1,"location":null,"numPassingAsserts":1,"retryReasons":[],"status":"passed","title":"no Apply button appears when the panel is collapsed (onApply provided)"},{"ancestorTitles":["FilterPanel — Apply buttons"],"duration":1,"failureDetails":[],"failureMessages":[],"fullName":"FilterPanel — Apply buttons no Apply button appears when panel is collapsed and onApply is absent","invocations":1,"location":null,"numPassingAsserts":1,"retryReasons":[],"status":"passed","title":"no Apply button appears when panel is collapsed and onApply is absent"}],"endTime":1783267504347,"message":"","name":"/home/runner/workspace/artifacts/parts-id/__tests__/filterPanelApplyButton.test.tsx","startTime":1783267504021,"status":"passed","summary":""},{"assertionResults":[{"ancestorTitles":["PartDetailsEditor – delete button admin gate"],"duration":37,"failureDetails":[],"failureMessages":[],"fullName":"PartDetailsEditor – delete button admin gate does NOT render the delete button when adminToken is null","invocations":1,"location":null,"numPassingAsserts":1,"retryReasons":[],"status":"passed","title":"does NOT render the delete button when adminToken is null"},{"ancestorTitles":["PartDetailsEditor – delete button admin gate"],"duration":7,"failureDetails":[],"failureMessages":[],"fullName":"PartDetailsEditor – delete button admin gate DOES render the delete button when adminToken is provided","invocations":1,"location":null,"numPassingAsserts":1,"retryReasons":[],"status":"passed","title":"DOES render the delete button when adminToken is provided"},{"ancestorTitles":["EditItemScreen – delete button admin gate"],"duration":450,"failureDetails":[],"failureMessages":[],"fullName":"EditItemScreen – delete button admin gate does NOT render the delete button when adminToken is null and isAdmin is false","invocations":1,"location":null,"numPassingAsserts":1,"retryReasons":[],"status":"passed","title":"does NOT render the delete button when adminToken is null and isAdmin is false"},{"ancestorTitles":["EditItemScreen – delete button admin gate"],"duration":89,"failureDetails":[],"failureMessages":[],"fullName":"EditItemScreen – delete button admin gate DOES render the delete button when adminToken is present","invocations":1,"location":null,"numPassingAsserts":1,"retryReasons":[],"status":"passed","title":"DOES render the delete button when adminToken is present"}],"endTime":1783267506235,"message":"","name":"/home/runner/workspace/artifacts/parts-id/__tests__/deleteButtonAdminGate.test.tsx","startTime":1783267504356,"status":"passed","summary":""},{"assertionResults":[{"ancestorTitles":["FailedJobsSection — renders nothing when there are no failed jobs"],"duration":2,"failureDetails":[],"failureMessages":[],"fullName":"FailedJobsSection — renders nothing when there are no failed jobs returns null when failedJobs is empty and no resume progress","invocations":1,"location":null,"numPassingAsserts":1,"retryReasons":[],"status":"passed","title":"returns null when failedJobs is empty and no resume progress"},{"ancestorTitles":["FailedJobsSection — card content for a failed job"],"duration":26,"failureDetails":[],"failureMessages":[],"fullName":"FailedJobsSection — card content for a failed job renders the vendor name","invocations":1,"location":null,"numPassingAsserts":1,"retryReasons":[],"status":"passed","title":"renders the vendor name"},{"ancestorTitles":["FailedJobsSection — card content for a failed job"],"duration":2,"failureDetails":[],"failureMessages":[],"fullName":"FailedJobsSection — card content for a failed job renders the filename","invocations":1,"location":null,"numPassingAsserts":1,"retryReasons":[],"status":"passed","title":"renders the filename"},{"ancestorTitles":["FailedJobsSection — card content for a failed job"],"duration":2,"failureDetails":[],"failureMessages":[],"fullName":"FailedJobsSection — card content for a failed job renders the 'Failed' status badge","invocations":1,"location":null,"numPassingAsserts":1,"retryReasons":[],"status":"passed","title":"renders the 'Failed' status badge"},{"ancestorTitles":["FailedJobsSection — card content for a failed job"],"duration":1,"failureDetails":[],"failureMessages":[],"fullName":"FailedJobsSection — card content for a failed job renders the error message from the job","invocations":1,"location":null,"numPassingAsserts":1,"retryReasons":[],"status":"passed","title":"renders the error message from the job"},{"ancestorTitles":["FailedJobsSection — card content for a failed job"],"duration":1,"failureDetails":[],"failureMessages":[],"fullName":"FailedJobsSection — card content for a failed job renders 'Unknown error' when errorMessage is null","invocations":1,"location":null,"numPassingAsserts":1,"retryReasons":[],"status":"passed","title":"renders 'Unknown error' when errorMessage is null"},{"ancestorTitles":["FailedJobsSection — card content for a failed job"],"duration":2,"failureDetails":[],"failureMessages":[],"fullName":"FailedJobsSection — card content for a failed job renders the Resume button","invocations":1,"location":null,"numPassingAsserts":1,"retryReasons":[],"status":"passed","title":"renders the Resume bu
[...]
us> (/home/runner/workspace/artifacts/parts-id/app/(tabs)../../../../../index.tsx:41:1)\n      at Object.<anonymous> (__tests__/searchResultMemoStability.test.tsx:292:1)\n","name":"/home/runner/workspace/artifacts/parts-id/__tests__/searchResultMemoStability.test.tsx","startTime":1783267533443,"status":"failed","summary":""},{"assertionResults":[],"coverage":{},"endTime":1783267533443,"message":"  ● Test suite failed to run\n\n    [apiBase] API origin is not configured for this production build. Set EXPO_PUBLIC_API_BASE or EXPO_PUBLIC_DOMAIN before building.\n\n      39 |   !__DEV__\n      40 | ) {\n    > 41 |   throw new Error(\n         |         ^\n      42 |     \"[apiBase] API origin is not configured for this production build. \" +\n      43 |       \"Set EXPO_PUBLIC_API_BASE or EXPO_PUBLIC_DOMAIN before building.\",\n      44 |   );\n\n      at Object.<anonymous> (utils/apiBase.ts:41:9)\n      at Object.<anonymous> (components/PartCard.tsx:17:1)\n      at Object.<anonymous> (components/ResultCard.tsx:12:1)\n      at Object.<anonymous> (__tests__/resultCardPhotoSlots.test.tsx:130:1)\n","name":"/home/runner/workspace/artifacts/parts-id/__tests__/resultCardPhotoSlots.test.tsx","startTime":1783267533443,"status":"failed","summary":""},{"assertionResults":[],"coverage":{},"endTime":1783267533443,"message":"  ● Test suite failed to run\n\n    [apiBase] API origin is not configured for this production build. Set EXPO_PUBLIC_API_BASE or EXPO_PUBLIC_DOMAIN before building.\n\n      39 |   !__DEV__\n      40 | ) {\n    > 41 |   throw new Error(\n         |         ^\n      42 |     \"[apiBase] API origin is not configured for this production build. \" +\n      43 |       \"Set EXPO_PUBLIC_API_BASE or EXPO_PUBLIC_DOMAIN before building.\",\n      44 |   );\n\n      at Object.<anonymous> (utils/apiBase.ts:41:9)\n      at Object.<anonymous> (components/PartCard.tsx:17:1)\n      at Object.<anonymous> (components/ResultCard.tsx:12:1)\n      at Object.<anonymous> (__tests__/resultCardExpandedDescription.test.tsx:131:1)\n","name":"/home/runner/workspace/artifacts/parts-id/__tests__/resultCardExpandedDescription.test.tsx","startTime":1783267533443,"status":"failed","summary":""},{"assertionResults":[],"coverage":{},"endTime":1783267533443,"message":"  ● Test suite failed to run\n\n    [apiBase] API origin is not configured for this production build. Set EXPO_PUBLIC_API_BASE or EXPO_PUBLIC_DOMAIN before building.\n\n      39 |   !__DEV__\n      40 | ) {\n    > 41 |   throw new Error(\n         |         ^\n      42 |     \"[apiBase] API origin is not configured for this production build. \" +\n      43 |       \"Set EXPO_PUBLIC_API_BASE or EXPO_PUBLIC_DOMAIN before building.\",\n      44 |   );\n\n      at Object.<anonymous> (utils/apiBase.ts:41:9)\n      at Object.<anonymous> (components/WarehouseMapView.tsx:68:1)\n      at Object.<anonymous> (__tests__/pinAnimationCancelCleanup.test.tsx:207:1)\n","name":"/home/runner/workspace/artifacts/parts-id/__tests__/pinAnimationCancelCleanup.test.tsx","startTime":1783267533443,"status":"failed","summary":""},{"assertionResults":[],"coverage":{},"endTime":1783267533443,"message":"  ● Test suite failed to run\n\n    [apiBase] API origin is not configured for this production build. Set EXPO_PUBLIC_API_BASE or EXPO_PUBLIC_DOMAIN before building.\n\n      39 |   !__DEV__\n      40 | ) {\n    > 41 |   throw new Error(\n         |         ^\n      42 |     \"[apiBase] API origin is not configured for this production build. \" +\n      43 |       \"Set EXPO_PUBLIC_API_BASE or EXPO_PUBLIC_DOMAIN before building.\",\n      44 |   );\n\n      at Object.<anonymous> (utils/apiBase.ts:41:9)\n      at Object.<anonymous> (components/PartDetailsEditor.tsx:31:1)\n      at Object.<anonymous> (__tests__/partDetailsEditorMapIt.test.tsx:29:1)\n","name":"/home/runner/workspace/artifacts/parts-id/__tests__/partDetailsEditorMapIt.test.tsx","startTime":1783267533443,"status":"failed","summary":""},{"assertionResults":[],"coverage":{},"endTime":1783267533443,"message":"  ● Test suite failed to run\n\n    [apiBase] API origin is not configured for this production build. Set EXPO_PUBLIC_API_BASE or EXPO_PUBLIC_DOMAIN before building.\n\n      39 |   !__DEV__\n      40 | ) {\n    > 41 |   throw new Error(\n         |         ^\n      42 |     \"[apiBase] API origin is not configured for this production build. \" +\n      43 |       \"Set EXPO_PUBLIC_API_BASE or EXPO_PUBLIC_DOMAIN before building.\",\n      44 |   );\n\n      at Object.<anonymous> (utils/apiBase.ts:41:9)\n      at Object.<anonymous> (components/MeasurePartScreen.tsx:43:1)\n      at Object.<anonymous> (__tests__/measurePartScreenCameraPermission.test.tsx:95:1)\n","name":"/home/runner/workspace/artifacts/parts-id/__tests__/measurePartScreenCameraPermission.test.tsx","startTime":1783267533443,"status":"failed","summary":""},{"assertionResults":[],"coverage":{},"endTime":1783267533443,"message":"  ● Test suite failed to run\n\n    [apiBase] API origin is not configured for this production build. Set EXPO_PUBLIC_API_BASE or EXPO_PUBLIC_DOMAIN before building.\n\n      39 |   !__DEV__\n      40 | ) {\n    > 41 |   throw new Error(\n         |         ^\n      42 |     \"[apiBase] API origin is not configured for this production build. \" +\n      43 |       \"Set EXPO_PUBLIC_API_BASE or EXPO_PUBLIC_DOMAIN before building.\",\n      44 |   );\n\n      at Object.<anonymous> (utils/apiBase.ts:41:9)\n      at Object.<anonymous> (contexts/AppContext.tsx:17:1)\n      at Object.<anonymous> (__tests__/measureUnitSetting.test.tsx:128:1)\n","name":"/home/runner/workspace/artifacts/parts-id/__tests__/measureUnitSetting.test.tsx","startTime":1783267533443,"status":"failed","summary":""},{"assertionResults":[],"coverage":{},"endTime":1783267533443,"message":"  ● Test suite failed to run\n\n    [apiBase] API origin is not configured for this production build. Set EXPO_PUBLIC_API_BASE or EXPO_PUBLIC_DOMAIN before building.\n\n      39 |   !__DEV__\n      40 | ) {\n    > 41 |   throw new Error(\n         |         ^\n      42 |     \"[apiBase] API origin is not configured for this production build. \" +\n      43 |       \"Set EXPO_PUBLIC_API_BASE or EXPO_PUBLIC_DOMAIN before building.\",\n      44 |   );\n\n      at Object.<anonymous> (utils/apiBase.ts:41:9)\n      at Object.<anonymous> (components/WarehouseMapView.tsx:68:1)\n      at Object.<anonymous> (__tests__/mapPinFillOpacity.test.tsx:207:1)\n","name":"/home/runner/workspace/artifacts/parts-id/__tests__/mapPinFillOpacity.test.tsx","startTime":1783267533443,"status":"failed","summary":""},{"assertionResults":[],"coverage":{},"endTime":1783267533443,"message":"  ● Test suite failed to run\n\n    [apiBase] API origin is not configured for this production build. Set EXPO_PUBLIC_API_BASE or EXPO_PUBLIC_DOMAIN before building.\n\n      39 |   !__DEV__\n      40 | ) {\n    > 41 |   throw new Error(\n         |         ^\n      42 |     \"[apiBase] API origin is not configured for this production build. \" +\n      43 |       \"Set EXPO_PUBLIC_API_BASE or EXPO_PUBLIC_DOMAIN before building.\",\n      44 |   );\n\n      at Object.<anonymous> (utils/apiBase.ts:41:9)\n      at Object.<anonymous> (/home/runner/workspace/artifacts/parts-id/app/(tabs)../../../../../index.tsx:41:1)\n      at Object.<anonymous> (__tests__/mapPinMeasureSearch.test.tsx:456:1)\n","name":"/home/runner/workspace/artifacts/parts-id/__tests__/mapPinMeasureSearch.test.tsx","startTime":1783267533443,"status":"failed","summary":""},{"assertionResults":[],"coverage":{},"endTime":1783267533443,"message":"  ● Test suite failed to run\n\n    [apiBase] API origin is not configured for this production build. Set EXPO_PUBLIC_API_BASE or EXPO_PUBLIC_DOMAIN before building.\n\n      39 |   !__DEV__\n      40 | ) {\n    > 41 |   throw new Error(\n         |         ^\n      42 |     \"[apiBase] API origin is not configured for this production build. \" +\n      43 |       \"Set EXPO_PUBLIC_API_BASE or EXPO_PUBLIC_DOMAIN before building.\",\n      44 |   );\n\n      at Object.<anonymous> (utils/apiBase.ts:41:9)\n      at Object.<anonymous> (components/WarehouseMapView.tsx:68:1)\n      at Object.<anonymous> (__tests__/mapPin3D.test.tsx:201:1)\n","name":"/home/runner/workspace/artifacts/parts-id/__tests__/mapPin3D.test.tsx","startTime":1783267533443,"status":"failed","summary":""},{"assertionResults":[],"coverage":{},"endTime":1783267533443,"message":"  ● Test suite failed to run\n\n    [apiBase] API origin is not configured for this production build. Set EXPO_PUBLIC_API_BASE or EXPO_PUBLIC_DOMAIN before building.\n\n      39 |   !__DEV__\n      40 | ) {\n    > 41 |   throw new Error(\n         |         ^\n      42 |     \"[apiBase] API origin is not configured for this production build. \" +\n      43 |       \"Set EXPO_PUBLIC_API_BASE or EXPO_PUBLIC_DOMAIN before building.\",\n      44 |   );\n\n      at Object.<anonymous> (utils/apiBase.ts:41:9)\n      at Object.<anonymous> (components/WarehouseMapView.tsx:68:1)\n      at Object.<anonymous> (__tests__/floorPlanHotSwapAlignment.test.tsx:254:1)\n","name":"/home/runner/workspace/artifacts/parts-id/__tests__/floorPlanHotSwapAlignment.test.tsx","startTime":1783267533443,"status":"failed","summary":""},{"assertionResults":[],"coverage":{},"endTime":1783267533443,"message":"  ● Test suite failed to run\n\n    [apiBase] API origin is not configured for this production build. Set EXPO_PUBLIC_API_BASE or EXPO_PUBLIC_DOMAIN before building.\n\n      39 |   !__DEV__\n      40 | ) {\n    > 41 |   throw new Error(\n         |         ^\n      42 |     \"[apiBase] API origin is not configured for this production build. \" +\n      43 |       \"Set EXPO_PUBLIC_API_BASE or EXPO_PUBLIC_DOMAIN before building.\",\n      44 |   );\n\n      at Object.<anonymous> (utils/apiBase.ts:41:9)\n      at Object.<anonymous> (components/WarehouseMapView.tsx:68:1)\n      at Object.<anonymous> (__tests__/fitButtonSnap.test.tsx:241:1)\n","name":"/home/runner/workspace/artifacts/parts-id/__tests__/fitButtonSnap.test.tsx","startTime":1783267533443,"status":"failed","summary":""},{"assertionResults":[],"coverage":{},"endTime":1783267533443,"message":"  ● Test suite failed to run\n\n    [apiBase] API origin is not configured for this production build. Set EXPO_PUBLIC_API_BASE or EXPO_PUBLIC_DOMAIN before building.\n\n      39 |   !__DEV__\n      40 | ) {\n    > 41 |   throw new Error(\n         |         ^\n      42 |     \"[apiBase] API origin is not configured for this production build. \" +\n      43 |       \"Set EXPO_PUBLIC_API_BASE or EXPO_PUBLIC_DOMAIN before building.\",\n      44 |   );\n\n      at Object.<anonymous> (utils/apiBase.ts:41:9)\n      at Object.<anonymous> (components/CatalogPdfUpload.tsx:48:1)\n      at Object.<anonymous> (__tests__/catalogPdfUploadE2E.test.tsx:160:1)\n","name":"/home/runner/workspace/artifacts/parts-id/__tests__/catalogPdfUploadE2E.test.tsx","startTime":1783267533443,"status":"failed","summary":""},{"assertionResults":[],"coverage":{},"endTime":1783267533443,"message":"  ● Test suite failed to run\n\n    [apiBase] API origin is not configured for this production build. Set EXPO_PUBLIC_API_BASE or EXPO_PUBLIC_DOMAIN before building.\n\n      39 |   !__DEV__\n      40 | ) {\n    > 41 |   throw new Error(\n         |         ^\n      42 |     \"[apiBase] API origin is not configured for this production build. \" +\n      43 |       \"Set EXPO_PUBLIC_API_BASE or EXPO_PUBLIC_DOMAIN before building.\",\n      44 |   );\n\n      at Object.<anonymous> (utils/apiBase.ts:41:9)\n      at Object.<anonymous> (components/CatalogPdfUpload.tsx:48:1)\n      at Object.<anonymous> (__tests__/catalogPdfUploadReset.test.tsx:160:1)\n","name":"/home/runner/workspace/artifacts/parts-id/__tests__/catalogPdfUploadReset.test.tsx","startTime":1783267533443,"status":"failed","summary":""},{"assertionResults":[],"coverage":{},"endTime":1783267533443,"message":"  ● Test suite failed to run\n\n    [apiBase] API origin is not configured for this production build. Set EXPO_PUBLIC_API_BASE or EXPO_PUBLIC_DOMAIN before building.\n\n      39 |   !__DEV__\n      40 | ) {\n    > 41 |   throw new Error(\n         |         ^\n      42 |     \"[apiBase] API origin is not configured for this production build. \" +\n      43 |       \"Set EXPO_PUBLIC_API_BASE or EXPO_PUBLIC_DOMAIN before building.\",\n      44 |   );\n\n      at Object.<anonymous> (utils/apiBase.ts:41:9)\n      at Object.<anonymous> (components/CatalogPdfUpload.tsx:48:1)\n      at Object.<anonymous> (__tests__/catalogPdfUploadBeforeUnload.test.tsx:134:1)\n","name":"/home/runner/workspace/artifacts/parts-id/__tests__/catalogPdfUploadBeforeUnload.test.tsx","startTime":1783267533443,"status":"failed","summary":""},{"assertionResults":[],"coverage":{},"endTime":1783267533443,"message":"  ● Test suite failed to run\n\n    [apiBase] API origin is not configured for this production build. Set EXPO_PUBLIC_API_BASE or EXPO_PUBLIC_DOMAIN before building.\n\n      39 |   !__DEV__\n      40 | ) {\n    > 41 |   throw new Error(\n         |         ^\n      42 |     \"[apiBase] API origin is not configured for this production build. \" +\n      43 |       \"Set EXPO_PUBLIC_API_BASE or EXPO_PUBLIC_DOMAIN before building.\",\n      44 |   );\n\n      at Object.<anonymous> (utils/apiBase.ts:41:9)\n      at Object.<anonymous> (components/PartCard.tsx:17:1)\n      at Object.<anonymous> (components/ResultCard.tsx:12:1)\n      at Object.<anonymous> (__tests__/aisleBrowseExpandedDesc.test.tsx:117:1)\n","name":"/home/runner/workspace/artifacts/parts-id/__tests__/aisleBrowseExpandedDesc.test.tsx","startTime":1783267533443,"status":"failed","summary":""},{"assertionResults":[],"coverage":{},"endTime":1783267533443,"message":"  ● Test suite failed to run\n\n    Jest encountered an unexpected token\n\n    Jest failed to parse a file. This happens e.g. when your code or its dependencies use non-standard JavaScript syntax, or when Jest is not configured to support such syntax.\n\n    Out of the box Jest supports Babel, which will be used to transform your files into valid JS based on your Babel configuration.\n\n    By default \"node_modules\" folder is ignored by transformers.\n\n    Here's what you can do:\n     • If you are trying to use ECMAScript Modules, see https://jestjs.io/docs/ecmascript-modules for how to enable it.\n     • If you are trying to use TypeScript, see https://jestjs.io/docs/getting-started#using-typescript\n     • To have some of your \"node_modules\" files transformed, you can specify a custom \"transformIgnorePatterns\" in your config.\n     • If you need a custom transformation specify a \"transform\" option in your config.\n     • If you simply want to mock your non-JS modules (e.g. binary assets) you can stub them out with the \"moduleNameMapper\" config option.\n\n    You'll find more details and examples of these config options in the docs:\n    https://jestjs.io/docs/configuration\n    For information about custom transformations, see:\n    https://jestjs.io/docs/code-transformation\n\n    Details:\n\n    /home/runner/workspace/node_modules/.pnpm/expo@54.0.35_@babel+core@7.29.7_@expo+metro-runtime@6.1.2_expo-router@6.0.24_react-nati_058503f198001231e3481bdee78a6590/node_modules/expo/src/Expo.ts:1\n    ({\"Object.<anonymous>\":function(module,exports,require,__dirname,__filename,jest){import './Expo.fx';\n                                                                                      ^^^^^^\n\n    SyntaxError: Cannot use import statement outside a module\n\n      1 | import { Feather } from \"@expo/vector-icons\";\n    > 2 | import { reloadAppAsync } from \"expo\";\n        | ^\n      3 | import React, { useState } from \"react\";\n      4 | import {\n      5 |   Modal,\n\n      at Runtime.createScriptFromCode (../../node_modules/.pnpm/jest-runtime@29.7.0/node_modules/jest-runtime/build/index.js:1505:14)\n      at Object.<anonymous> (components/ErrorFallback.tsx:2:1)\n      at Object.<anonymous> (components/ErrorBoundary.tsx:3:1)\n      at Object.<anonymous> (/home/runner/workspace/artifacts/parts-id/app/(tabs)../../../../../upload.tsx:35:1)\n      at Object.<anonymous> (__tests__/adminHubPeopleNoToken.test.tsx:329:23)\n","name":"/home/runner/workspace/artifacts/parts-id/__tests__/adminHubPeopleNoToken.test.tsx","startTime":1783267533443,"status":"failed","summary":""},{"assertionResults":[],"coverage":{},"endTime":1783267533443,"message":"  ● Test suite failed to run\n\n    Jest encountered an unexpected token\n\n    Jest failed to parse a file. This happens e.g. when your code or its dependencies use non-standard JavaScript syntax, or when Jest is not configured to support such syntax.\n\n    Out of the box Jest supports Babel, which will be used to transform your files into valid JS based on your Babel configuration.\n\n    By default \"node_modules\" folder is ignored by transformers.\n\n    Here's what you can do:\n     • If you are trying to use ECMAScript Modules, see https://jestjs.io/docs/ecmascript-modules for how to enable it.\n     • If you are trying to use TypeScript, see https://jestjs.io/docs/getting-started#using-typescript\n     • To have some of your \"node_modules\" files transformed, you can specify a custom \"transformIgnorePatterns\" in your config.\n     • If you need a custom transformation specify a \"transform\" option in your config.\n     • If you simply want to mock your non-JS modules (e.g. binary assets) you can stub them out with the \"moduleNameMapper\" config option.\n\n    You'll find more details and examples of these config options in the docs:\n    https://jestjs.io/docs/configuration\n    For information about custom transformations, see:\n    https://jestjs.io/docs/code-transformation\n\n    Details:\n\n    /home/runner/workspace/node_modules/.pnpm/expo@54.0.35_@babel+core@7.29.7_@expo+metro-runtime@6.1.2_expo-router@6.0.24_react-nati_058503f198001231e3481bdee78a6590/node_modules/expo/src/Expo.ts:1\n    ({\"Object.<anonymous>\":function(module,exports,require,__dirname,__filename,jest){import './Expo.fx';\n                                                                                      ^^^^^^\n\n    SyntaxError: Cannot use import statement outside a module\n\n      1 | import { Feather } from \"@expo/vector-icons\";\n    > 2 | import { reloadAppAsync } from \"expo\";\n        | ^\n      3 | import React, { useState } from \"react\";\n      4 | import {\n      5 |   Modal,\n\n      at Runtime.createScriptFromCode (../../node_modules/.pnpm/jest-runtime@29.7.0/node_modules/jest-runtime/build/index.js:1505:14)\n      at Object.<anonymous> (components/ErrorFallback.tsx:2:1)\n      at Object.<anonymous> (components/ErrorBoundary.tsx:3:1)\n      at Object.<anonymous> (/home/runner/workspace/artifacts/parts-id/app/(tabs)../../../../../upload.tsx:35:1)\n      at Object.<anonymous> (__tests__/adminNavRows.test.tsx:311:23)\n","name":"/home/runner/workspace/artifacts/parts-id/__tests__/adminNavRows.test.tsx","startTime":1783267533443,"status":"failed","summary":""},{"assertionResults":[],"coverage":{},"endTime":1783267533443,"message":"  ● Test suite failed to run\n\n    [apiBase] API origin is not configured for this production build. Set EXPO_PUBLIC_API_BASE or EXPO_PUBLIC_DOMAIN before building.\n\n      39 |   !__DEV__\n      40 | ) {\n    > 41 |   throw new Error(\n         |         ^\n      42 |     \"[apiBase] API origin is not configured for this production build. \" +\n      43 |       \"Set EXPO_PUBLIC_API_BASE or EXPO_PUBLIC_DOMAIN before building.\",\n      44 |   );\n\n      at Object.<anonymous> (utils/apiBase.ts:41:9)\n      at Object.<anonymous> (components/MeasurePartScreen.tsx:43:1)\n      at Object.<anonymous> (__tests__/MeasurePartScreen.test.tsx:138:1)\n","name":"/home/runner/workspace/artifacts/parts-id/__tests__/MeasurePartScreen.test.tsx","startTime":1783267533443,"status":"failed","summary":""}],"wasInterrupted":false}
